[35m[1mScanning dependencies of target std_msgs_generate_messages_cpp[0m
[35m[1mScanning dependencies of target _speech_generate_messages_check_deps_Speech2Text[0m
[  0%] Built target std_msgs_generate_messages_cpp
[35m[1mScanning dependencies of target _speech_generate_messages_check_deps_RecognizeUser[0m
[  0%] Built target _speech_generate_messages_check_deps_Speech2Text
[  0%] Built target _speech_generate_messages_check_deps_RecognizeUser
[35m[1mScanning dependencies of target std_msgs_generate_messages_py[0m
[35m[1mScanning dependencies of target std_msgs_generate_messages_lisp[0m
[  0%] Built target std_msgs_generate_messages_py
[  0%] Built target std_msgs_generate_messages_lisp
[35m[1mScanning dependencies of target std_msgs_generate_messages_eus[0m
[  0%] Built target std_msgs_generate_messages_eus
[35m[1mScanning dependencies of target speech_generate_messages_cpp[0m
[35m[1mScanning dependencies of target std_msgs_generate_messages_nodejs[0m
[  8%] [34m[1mGenerating C++ code from speech/RecognizeUser.srv[0m
[  8%] Built target std_msgs_generate_messages_nodejs
[35m[1mScanning dependencies of target speech_generate_messages_py[0m
[ 16%] [34m[1mGenerating Python code from SRV speech/RecognizeUser[0m
[ 25%] [34m[1mGenerating C++ code from speech/Speech2Text.srv[0m
[ 33%] [34m[1mGenerating Python code from SRV speech/Speech2Text[0m
[ 33%] Built target speech_generate_messages_cpp
[35m[1mScanning dependencies of target speech_generate_messages_lisp[0m
[ 41%] [34m[1mGenerating Lisp code from speech/RecognizeUser.srv[0m
[ 50%] [34m[1mGenerating Python srv __init__.py for speech[0m
[ 58%] [34m[1mGenerating Lisp code from speech/Speech2Text.srv[0m
[ 58%] Built target speech_generate_messages_lisp
[35m[1mScanning dependencies of target speech_generate_messages_eus[0m
[ 66%] [34m[1mGenerating EusLisp code from speech/RecognizeUser.srv[0m
[ 66%] Built target speech_generate_messages_py
[35m[1mScanning dependencies of target speech_generate_messages_nodejs[0m
[ 75%] [34m[1mGenerating Javascript code from speech/RecognizeUser.srv[0m
[ 83%] [34m[1mGenerating EusLisp code from speech/Speech2Text.srv[0m
[ 91%] [34m[1mGenerating Javascript code from speech/Speech2Text.srv[0m
[100%] [34m[1mGenerating EusLisp manifest code for speech[0m
[100%] Built target speech_generate_messages_nodejs
[100%] Built target speech_generate_messages_eus
[35m[1mScanning dependencies of target speech_generate_messages[0m
[100%] Built target speech_generate_messages
