Symlinking /home/alfonso/Desktop/pepper_shopping_assistant/ROS/devel/share/common-lisp/ros/speech/srv/_package_RecognizeUser.lisp
Symlinking /home/alfonso/Desktop/pepper_shopping_assistant/ROS/devel/share/common-lisp/ros/speech/srv/RecognizeUser.lisp
Symlinking /home/alfonso/Desktop/pepper_shopping_assistant/ROS/devel/share/common-lisp/ros/speech/srv/speech-srv.asd
Symlinking /home/alfonso/Desktop/pepper_shopping_assistant/ROS/devel/share/common-lisp/ros/speech/srv/Speech2Text.lisp
Symlinking /home/alfonso/Desktop/pepper_shopping_assistant/ROS/devel/share/common-lisp/ros/speech/srv/_package.lisp
Symlinking /home/alfonso/Desktop/pepper_shopping_assistant/ROS/devel/share/common-lisp/ros/speech/srv/_package_Speech2Text.lisp
Symlinking /home/alfonso/Desktop/pepper_shopping_assistant/ROS/devel/share/speech/cmake/speech-msg-extras.cmake
Symlinking /home/alfonso/Desktop/pepper_shopping_assistant/ROS/devel/share/speech/cmake/speech-msg-paths.cmake
Symlinking /home/alfonso/Desktop/pepper_shopping_assistant/ROS/devel/share/speech/cmake/speechConfig.cmake
Symlinking /home/alfonso/Desktop/pepper_shopping_assistant/ROS/devel/share/speech/cmake/speechConfig-version.cmake
Symlinking /home/alfonso/Desktop/pepper_shopping_assistant/ROS/devel/share/roseus/ros/speech/manifest.l
Symlinking /home/alfonso/Desktop/pepper_shopping_assistant/ROS/devel/share/roseus/ros/speech/srv/RecognizeUser.l
Symlinking /home/alfonso/Desktop/pepper_shopping_assistant/ROS/devel/share/roseus/ros/speech/srv/Speech2Text.l
Symlinking /home/alfonso/Desktop/pepper_shopping_assistant/ROS/devel/share/gennodejs/ros/speech/_index.js
Symlinking /home/alfonso/Desktop/pepper_shopping_assistant/ROS/devel/share/gennodejs/ros/speech/srv/_index.js
Symlinking /home/alfonso/Desktop/pepper_shopping_assistant/ROS/devel/share/gennodejs/ros/speech/srv/Speech2Text.js
Symlinking /home/alfonso/Desktop/pepper_shopping_assistant/ROS/devel/share/gennodejs/ros/speech/srv/RecognizeUser.js
Symlinking /home/alfonso/Desktop/pepper_shopping_assistant/ROS/devel/include/speech/RecognizeUserResponse.h
Symlinking /home/alfonso/Desktop/pepper_shopping_assistant/ROS/devel/include/speech/Speech2Text.h
Symlinking /home/alfonso/Desktop/pepper_shopping_assistant/ROS/devel/include/speech/Speech2TextRequest.h
Symlinking /home/alfonso/Desktop/pepper_shopping_assistant/ROS/devel/include/speech/RecognizeUser.h
Symlinking /home/alfonso/Desktop/pepper_shopping_assistant/ROS/devel/include/speech/RecognizeUserRequest.h
Symlinking /home/alfonso/Desktop/pepper_shopping_assistant/ROS/devel/include/speech/Speech2TextResponse.h
Symlinking /home/alfonso/Desktop/pepper_shopping_assistant/ROS/devel/lib/pkgconfig/speech.pc
Symlinking /home/alfonso/Desktop/pepper_shopping_assistant/ROS/devel/lib/python2.7/dist-packages/speech/__init__.py
Symlinking /home/alfonso/Desktop/pepper_shopping_assistant/ROS/devel/lib/python2.7/dist-packages/speech/srv/_Speech2Text.py
Symlinking /home/alfonso/Desktop/pepper_shopping_assistant/ROS/devel/lib/python2.7/dist-packages/speech/srv/_RecognizeUser.py
Symlinking /home/alfonso/Desktop/pepper_shopping_assistant/ROS/devel/lib/python2.7/dist-packages/speech/srv/__init__.py
