Linked: (/home/angelo/Desktop/pepper_shopping_assistant/ROS/devel/.private/speech/lib/python2.7/dist-packages/speech/__init__.py, /home/angelo/Desktop/pepper_shopping_assistant/ROS/devel/lib/python2.7/dist-packages/speech/__init__.py)
Linked: (/home/angelo/Desktop/pepper_shopping_assistant/ROS/devel/.private/speech/lib/python2.7/dist-packages/speech/srv/__init__.py, /home/angelo/Desktop/pepper_shopping_assistant/ROS/devel/lib/python2.7/dist-packages/speech/srv/__init__.py)
Linked: (/home/angelo/Desktop/pepper_shopping_assistant/ROS/devel/.private/speech/lib/python2.7/dist-packages/speech/srv/_RecognizeUser.py, /home/angelo/Desktop/pepper_shopping_assistant/ROS/devel/lib/python2.7/dist-packages/speech/srv/_RecognizeUser.py)
Linked: (/home/angelo/Desktop/pepper_shopping_assistant/ROS/devel/.private/speech/lib/python2.7/dist-packages/speech/srv/_Speech2Text.py, /home/angelo/Desktop/pepper_shopping_assistant/ROS/devel/lib/python2.7/dist-packages/speech/srv/_Speech2Text.py)
Linked: (/home/angelo/Desktop/pepper_shopping_assistant/ROS/devel/.private/speech/lib/pkgconfig/speech.pc, /home/angelo/Desktop/pepper_shopping_assistant/ROS/devel/lib/pkgconfig/speech.pc)
Linked: (/home/angelo/Desktop/pepper_shopping_assistant/ROS/devel/.private/speech/share/roseus/ros/speech/manifest.l, /home/angelo/Desktop/pepper_shopping_assistant/ROS/devel/share/roseus/ros/speech/manifest.l)
Linked: (/home/angelo/Desktop/pepper_shopping_assistant/ROS/devel/.private/speech/share/roseus/ros/speech/srv/Speech2Text.l, /home/angelo/Desktop/pepper_shopping_assistant/ROS/devel/share/roseus/ros/speech/srv/Speech2Text.l)
Linked: (/home/angelo/Desktop/pepper_shopping_assistant/ROS/devel/.private/speech/share/roseus/ros/speech/srv/RecognizeUser.l, /home/angelo/Desktop/pepper_shopping_assistant/ROS/devel/share/roseus/ros/speech/srv/RecognizeUser.l)
Linked: (/home/angelo/Desktop/pepper_shopping_assistant/ROS/devel/.private/speech/share/gennodejs/ros/speech/_index.js, /home/angelo/Desktop/pepper_shopping_assistant/ROS/devel/share/gennodejs/ros/speech/_index.js)
Linked: (/home/angelo/Desktop/pepper_shopping_assistant/ROS/devel/.private/speech/share/gennodejs/ros/speech/srv/Speech2Text.js, /home/angelo/Desktop/pepper_shopping_assistant/ROS/devel/share/gennodejs/ros/speech/srv/Speech2Text.js)
Linked: (/home/angelo/Desktop/pepper_shopping_assistant/ROS/devel/.private/speech/share/gennodejs/ros/speech/srv/RecognizeUser.js, /home/angelo/Desktop/pepper_shopping_assistant/ROS/devel/share/gennodejs/ros/speech/srv/RecognizeUser.js)
Linked: (/home/angelo/Desktop/pepper_shopping_assistant/ROS/devel/.private/speech/share/gennodejs/ros/speech/srv/_index.js, /home/angelo/Desktop/pepper_shopping_assistant/ROS/devel/share/gennodejs/ros/speech/srv/_index.js)
Linked: (/home/angelo/Desktop/pepper_shopping_assistant/ROS/devel/.private/speech/share/common-lisp/ros/speech/srv/speech-srv.asd, /home/angelo/Desktop/pepper_shopping_assistant/ROS/devel/share/common-lisp/ros/speech/srv/speech-srv.asd)
Linked: (/home/angelo/Desktop/pepper_shopping_assistant/ROS/devel/.private/speech/share/common-lisp/ros/speech/srv/RecognizeUser.lisp, /home/angelo/Desktop/pepper_shopping_assistant/ROS/devel/share/common-lisp/ros/speech/srv/RecognizeUser.lisp)
Linked: (/home/angelo/Desktop/pepper_shopping_assistant/ROS/devel/.private/speech/share/common-lisp/ros/speech/srv/_package_RecognizeUser.lisp, /home/angelo/Desktop/pepper_shopping_assistant/ROS/devel/share/common-lisp/ros/speech/srv/_package_RecognizeUser.lisp)
Linked: (/home/angelo/Desktop/pepper_shopping_assistant/ROS/devel/.private/speech/share/common-lisp/ros/speech/srv/_package.lisp, /home/angelo/Desktop/pepper_shopping_assistant/ROS/devel/share/common-lisp/ros/speech/srv/_package.lisp)
Linked: (/home/angelo/Desktop/pepper_shopping_assistant/ROS/devel/.private/speech/share/common-lisp/ros/speech/srv/Speech2Text.lisp, /home/angelo/Desktop/pepper_shopping_assistant/ROS/devel/share/common-lisp/ros/speech/srv/Speech2Text.lisp)
Linked: (/home/angelo/Desktop/pepper_shopping_assistant/ROS/devel/.private/speech/share/common-lisp/ros/speech/srv/_package_Speech2Text.lisp, /home/angelo/Desktop/pepper_shopping_assistant/ROS/devel/share/common-lisp/ros/speech/srv/_package_Speech2Text.lisp)
Linked: (/home/angelo/Desktop/pepper_shopping_assistant/ROS/devel/.private/speech/share/speech/cmake/speech-msg-extras.cmake, /home/angelo/Desktop/pepper_shopping_assistant/ROS/devel/share/speech/cmake/speech-msg-extras.cmake)
Linked: (/home/angelo/Desktop/pepper_shopping_assistant/ROS/devel/.private/speech/share/speech/cmake/speech-msg-paths.cmake, /home/angelo/Desktop/pepper_shopping_assistant/ROS/devel/share/speech/cmake/speech-msg-paths.cmake)
Linked: (/home/angelo/Desktop/pepper_shopping_assistant/ROS/devel/.private/speech/share/speech/cmake/speechConfig.cmake, /home/angelo/Desktop/pepper_shopping_assistant/ROS/devel/share/speech/cmake/speechConfig.cmake)
Linked: (/home/angelo/Desktop/pepper_shopping_assistant/ROS/devel/.private/speech/share/speech/cmake/speechConfig-version.cmake, /home/angelo/Desktop/pepper_shopping_assistant/ROS/devel/share/speech/cmake/speechConfig-version.cmake)
Linked: (/home/angelo/Desktop/pepper_shopping_assistant/ROS/devel/.private/speech/include/speech/RecognizeUser.h, /home/angelo/Desktop/pepper_shopping_assistant/ROS/devel/include/speech/RecognizeUser.h)
Linked: (/home/angelo/Desktop/pepper_shopping_assistant/ROS/devel/.private/speech/include/speech/Speech2TextRequest.h, /home/angelo/Desktop/pepper_shopping_assistant/ROS/devel/include/speech/Speech2TextRequest.h)
Linked: (/home/angelo/Desktop/pepper_shopping_assistant/ROS/devel/.private/speech/include/speech/RecognizeUserRequest.h, /home/angelo/Desktop/pepper_shopping_assistant/ROS/devel/include/speech/RecognizeUserRequest.h)
Linked: (/home/angelo/Desktop/pepper_shopping_assistant/ROS/devel/.private/speech/include/speech/Speech2Text.h, /home/angelo/Desktop/pepper_shopping_assistant/ROS/devel/include/speech/Speech2Text.h)
Linked: (/home/angelo/Desktop/pepper_shopping_assistant/ROS/devel/.private/speech/include/speech/RecognizeUserResponse.h, /home/angelo/Desktop/pepper_shopping_assistant/ROS/devel/include/speech/RecognizeUserResponse.h)
Linked: (/home/angelo/Desktop/pepper_shopping_assistant/ROS/devel/.private/speech/include/speech/Speech2TextResponse.h, /home/angelo/Desktop/pepper_shopping_assistant/ROS/devel/include/speech/Speech2TextResponse.h)
