Symlinking /home/alfonso/Desktop/pepper_shopping_assistant/ROS/devel/share/common-lisp/ros/chatbot/srv/chatbot-srv.asd
Symlinking /home/alfonso/Desktop/pepper_shopping_assistant/ROS/devel/share/common-lisp/ros/chatbot/srv/_package_Dialogue.lisp
Symlinking /home/alfonso/Desktop/pepper_shopping_assistant/ROS/devel/share/common-lisp/ros/chatbot/srv/_package.lisp
Symlinking /home/alfonso/Desktop/pepper_shopping_assistant/ROS/devel/share/common-lisp/ros/chatbot/srv/Dialogue.lisp
Symlinking /home/alfonso/Desktop/pepper_shopping_assistant/ROS/devel/share/chatbot/cmake/chatbotConfig.cmake
Symlinking /home/alfonso/Desktop/pepper_shopping_assistant/ROS/devel/share/chatbot/cmake/chatbot-msg-extras.cmake
Symlinking /home/alfonso/Desktop/pepper_shopping_assistant/ROS/devel/share/chatbot/cmake/chatbotConfig-version.cmake
Symlinking /home/alfonso/Desktop/pepper_shopping_assistant/ROS/devel/share/chatbot/cmake/chatbot-msg-paths.cmake
Symlinking /home/alfonso/Desktop/pepper_shopping_assistant/ROS/devel/share/roseus/ros/chatbot/manifest.l
Symlinking /home/alfonso/Desktop/pepper_shopping_assistant/ROS/devel/share/roseus/ros/chatbot/srv/Dialogue.l
Symlinking /home/alfonso/Desktop/pepper_shopping_assistant/ROS/devel/share/gennodejs/ros/chatbot/_index.js
Symlinking /home/alfonso/Desktop/pepper_shopping_assistant/ROS/devel/share/gennodejs/ros/chatbot/srv/_index.js
Symlinking /home/alfonso/Desktop/pepper_shopping_assistant/ROS/devel/share/gennodejs/ros/chatbot/srv/Dialogue.js
Symlinking /home/alfonso/Desktop/pepper_shopping_assistant/ROS/devel/include/chatbot/Dialogue.h
Symlinking /home/alfonso/Desktop/pepper_shopping_assistant/ROS/devel/include/chatbot/DialogueRequest.h
Symlinking /home/alfonso/Desktop/pepper_shopping_assistant/ROS/devel/include/chatbot/DialogueResponse.h
Symlinking /home/alfonso/Desktop/pepper_shopping_assistant/ROS/devel/lib/pkgconfig/chatbot.pc
Symlinking /home/alfonso/Desktop/pepper_shopping_assistant/ROS/devel/lib/python2.7/dist-packages/chatbot/__init__.py
Symlinking /home/alfonso/Desktop/pepper_shopping_assistant/ROS/devel/lib/python2.7/dist-packages/chatbot/srv/_Dialogue.py
Symlinking /home/alfonso/Desktop/pepper_shopping_assistant/ROS/devel/lib/python2.7/dist-packages/chatbot/srv/__init__.py
