Not searching for unused variables given on the command line.
[36m--[0m Using CATKIN_DEVEL_PREFIX: /home/alfonso/Desktop/pepper_shopping_assistant/ROS/devel/.private/chatbot
[36m--[0m Using CMAKE_PREFIX_PATH: /home/alfonso/Desktop/pepper_shopping_assistant/ROS/devel;/opt/ros/melodic
[36m--[0m This workspace overlays: /home/alfonso/Desktop/pepper_shopping_assistant/ROS/devel;/opt/ros/melodic
[36m--[0m Found PythonInterp: /usr/bin/python2 (found suitable version "2.7.17", minimum required is "2")
[36m--[0m Using PYTHON_EXECUTABLE: /usr/bin/python2
[36m--[0m Using Debian Python package layout
[36m--[0m Using empy: /usr/bin/empy
[36m--[0m Using CATKIN_ENABLE_TESTING: ON
[36m--[0m Call enable_testing()
[36m--[0m Using CATKIN_TEST_RESULTS_DIR: /home/alfonso/Desktop/pepper_shopping_assistant/ROS/build/chatbot/test_results
[36m--[0m Found gtest sources under '/usr/src/googletest': gtests will be built
[36m--[0m Found gmock sources under '/usr/src/googletest': gmock will be built
[36m--[0m Found PythonInterp: /usr/bin/python2 (found version "2.7.17")
[36m--[0m Using Python nosetests: /usr/bin/nosetests-2.7
[36m--[0m catkin 0.7.29
[36m--[0m BUILD_SHARED_LIBS is on
[31m[1mCMake Error[0m at /home/alfonso/Desktop/pepper_shopping_assistant/ROS/src/chatbot/CMakeLists.txt:57 (add_service_files):
  Unknown CMake command "add_service_files".


[36m--[0m Configuring incomplete, errors occurred!
See also "/home/alfonso/Desktop/pepper_shopping_assistant/ROS/build/chatbot/CMakeFiles/CMakeOutput.log".
See also "/home/alfonso/Desktop/pepper_shopping_assistant/ROS/build/chatbot/CMakeFiles/CMakeError.log".
