Determining if the pthread_create exist failed with the following output:
Change Dir: /home/alfonso/Desktop/pepper_shopping_assistant/ROS/build/pepper_interface/CMakeFiles/CMakeTmp

Run Build Command:"/usr/bin/make" "cmTC_56b38/fast"
/usr/bin/make -f CMakeFiles/cmTC_56b38.dir/build.make CMakeFiles/cmTC_56b38.dir/build
make[1]: Entering directory '/home/alfonso/Desktop/pepper_shopping_assistant/ROS/build/pepper_interface/CMakeFiles/CMakeTmp'
Building C object CMakeFiles/cmTC_56b38.dir/CheckSymbolExists.c.o
/usr/bin/cc    -o CMakeFiles/cmTC_56b38.dir/CheckSymbolExists.c.o   -c /home/alfonso/Desktop/pepper_shopping_assistant/ROS/build/pepper_interface/CMakeFiles/CMakeTmp/CheckSymbolExists.c
Linking C executable cmTC_56b38
/usr/bin/cmake -E cmake_link_script CMakeFiles/cmTC_56b38.dir/link.txt --verbose=1
/usr/bin/cc      -rdynamic CMakeFiles/cmTC_56b38.dir/CheckSymbolExists.c.o  -o cmTC_56b38 
CMakeFiles/cmTC_56b38.dir/CheckSymbolExists.c.o: In function `main':
CheckSymbolExists.c:(.text+0x1b): undefined reference to `pthread_create'
collect2: error: ld returned 1 exit status
CMakeFiles/cmTC_56b38.dir/build.make:97: recipe for target 'cmTC_56b38' failed
make[1]: *** [cmTC_56b38] Error 1
make[1]: Leaving directory '/home/alfonso/Desktop/pepper_shopping_assistant/ROS/build/pepper_interface/CMakeFiles/CMakeTmp'
Makefile:126: recipe for target 'cmTC_56b38/fast' failed
make: *** [cmTC_56b38/fast] Error 2

File /home/alfonso/Desktop/pepper_shopping_assistant/ROS/build/pepper_interface/CMakeFiles/CMakeTmp/CheckSymbolExists.c:
/* */
#include <pthread.h>

int main(int argc, char** argv)
{
  (void)argv;
#ifndef pthread_create
  return ((int*)(&pthread_create))[argc];
#else
  (void)argc;
  return 0;
#endif
}

Determining if the function pthread_create exists in the pthreads failed with the following output:
Change Dir: /home/alfonso/Desktop/pepper_shopping_assistant/ROS/build/pepper_interface/CMakeFiles/CMakeTmp

Run Build Command:"/usr/bin/make" "cmTC_0c297/fast"
/usr/bin/make -f CMakeFiles/cmTC_0c297.dir/build.make CMakeFiles/cmTC_0c297.dir/build
make[1]: Entering directory '/home/alfonso/Desktop/pepper_shopping_assistant/ROS/build/pepper_interface/CMakeFiles/CMakeTmp'
Building C object CMakeFiles/cmTC_0c297.dir/CheckFunctionExists.c.o
/usr/bin/cc   -DCHECK_FUNCTION_EXISTS=pthread_create   -o CMakeFiles/cmTC_0c297.dir/CheckFunctionExists.c.o   -c /usr/share/cmake-3.10/Modules/CheckFunctionExists.c
Linking C executable cmTC_0c297
/usr/bin/cmake -E cmake_link_script CMakeFiles/cmTC_0c297.dir/link.txt --verbose=1
/usr/bin/cc  -DCHECK_FUNCTION_EXISTS=pthread_create    -rdynamic CMakeFiles/cmTC_0c297.dir/CheckFunctionExists.c.o  -o cmTC_0c297 -lpthreads 
/usr/bin/ld: cannot find -lpthreads
collect2: error: ld returned 1 exit status
CMakeFiles/cmTC_0c297.dir/build.make:97: recipe for target 'cmTC_0c297' failed
make[1]: *** [cmTC_0c297] Error 1
make[1]: Leaving directory '/home/alfonso/Desktop/pepper_shopping_assistant/ROS/build/pepper_interface/CMakeFiles/CMakeTmp'
Makefile:126: recipe for target 'cmTC_0c297/fast' failed
make: *** [cmTC_0c297/fast] Error 2


