Determining if the pthread_create exist failed with the following output:
Change Dir: /home/alfonso/Desktop/pepper_shopping_assistant/ROS/build/audio_recording/CMakeFiles/CMakeTmp

Run Build Command:"/usr/bin/make" "cmTC_ee573/fast"
/usr/bin/make -f CMakeFiles/cmTC_ee573.dir/build.make CMakeFiles/cmTC_ee573.dir/build
make[1]: Entering directory '/home/alfonso/Desktop/pepper_shopping_assistant/ROS/build/audio_recording/CMakeFiles/CMakeTmp'
Building C object CMakeFiles/cmTC_ee573.dir/CheckSymbolExists.c.o
/usr/bin/cc    -o CMakeFiles/cmTC_ee573.dir/CheckSymbolExists.c.o   -c /home/alfonso/Desktop/pepper_shopping_assistant/ROS/build/audio_recording/CMakeFiles/CMakeTmp/CheckSymbolExists.c
Linking C executable cmTC_ee573
/usr/bin/cmake -E cmake_link_script CMakeFiles/cmTC_ee573.dir/link.txt --verbose=1
/usr/bin/cc      -rdynamic CMakeFiles/cmTC_ee573.dir/CheckSymbolExists.c.o  -o cmTC_ee573 
CMakeFiles/cmTC_ee573.dir/CheckSymbolExists.c.o: In function `main':
CheckSymbolExists.c:(.text+0x1b): undefined reference to `pthread_create'
collect2: error: ld returned 1 exit status
CMakeFiles/cmTC_ee573.dir/build.make:97: recipe for target 'cmTC_ee573' failed
make[1]: *** [cmTC_ee573] Error 1
make[1]: Leaving directory '/home/alfonso/Desktop/pepper_shopping_assistant/ROS/build/audio_recording/CMakeFiles/CMakeTmp'
Makefile:126: recipe for target 'cmTC_ee573/fast' failed
make: *** [cmTC_ee573/fast] Error 2

File /home/alfonso/Desktop/pepper_shopping_assistant/ROS/build/audio_recording/CMakeFiles/CMakeTmp/CheckSymbolExists.c:
/* */
#include <pthread.h>

int main(int argc, char** argv)
{
  (void)argv;
#ifndef pthread_create
  return ((int*)(&pthread_create))[argc];
#else
  (void)argc;
  return 0;
#endif
}

Determining if the function pthread_create exists in the pthreads failed with the following output:
Change Dir: /home/alfonso/Desktop/pepper_shopping_assistant/ROS/build/audio_recording/CMakeFiles/CMakeTmp

Run Build Command:"/usr/bin/make" "cmTC_c735b/fast"
/usr/bin/make -f CMakeFiles/cmTC_c735b.dir/build.make CMakeFiles/cmTC_c735b.dir/build
make[1]: Entering directory '/home/alfonso/Desktop/pepper_shopping_assistant/ROS/build/audio_recording/CMakeFiles/CMakeTmp'
Building C object CMakeFiles/cmTC_c735b.dir/CheckFunctionExists.c.o
/usr/bin/cc   -DCHECK_FUNCTION_EXISTS=pthread_create   -o CMakeFiles/cmTC_c735b.dir/CheckFunctionExists.c.o   -c /usr/share/cmake-3.10/Modules/CheckFunctionExists.c
Linking C executable cmTC_c735b
/usr/bin/cmake -E cmake_link_script CMakeFiles/cmTC_c735b.dir/link.txt --verbose=1
/usr/bin/cc  -DCHECK_FUNCTION_EXISTS=pthread_create    -rdynamic CMakeFiles/cmTC_c735b.dir/CheckFunctionExists.c.o  -o cmTC_c735b -lpthreads 
/usr/bin/ld: cannot find -lpthreads
collect2: error: ld returned 1 exit status
CMakeFiles/cmTC_c735b.dir/build.make:97: recipe for target 'cmTC_c735b' failed
make[1]: *** [cmTC_c735b] Error 1
make[1]: Leaving directory '/home/alfonso/Desktop/pepper_shopping_assistant/ROS/build/audio_recording/CMakeFiles/CMakeTmp'
Makefile:126: recipe for target 'cmTC_c735b/fast' failed
make: *** [cmTC_c735b/fast] Error 2


