Determining if the pthread_create exist failed with the following output:
Change Dir: /home/alfonso/Desktop/pepper_shopping_assistant/ROS/build/catkin_tools_prebuild/CMakeFiles/CMakeTmp

Run Build Command:"/usr/bin/make" "cmTC_13043/fast"
/usr/bin/make -f CMakeFiles/cmTC_13043.dir/build.make CMakeFiles/cmTC_13043.dir/build
make[1]: Entering directory '/home/alfonso/Desktop/pepper_shopping_assistant/ROS/build/catkin_tools_prebuild/CMakeFiles/CMakeTmp'
Building C object CMakeFiles/cmTC_13043.dir/CheckSymbolExists.c.o
/usr/bin/cc    -o CMakeFiles/cmTC_13043.dir/CheckSymbolExists.c.o   -c /home/alfonso/Desktop/pepper_shopping_assistant/ROS/build/catkin_tools_prebuild/CMakeFiles/CMakeTmp/CheckSymbolExists.c
Linking C executable cmTC_13043
/usr/bin/cmake -E cmake_link_script CMakeFiles/cmTC_13043.dir/link.txt --verbose=1
/usr/bin/cc      -rdynamic CMakeFiles/cmTC_13043.dir/CheckSymbolExists.c.o  -o cmTC_13043 
CMakeFiles/cmTC_13043.dir/CheckSymbolExists.c.o: In function `main':
CheckSymbolExists.c:(.text+0x1b): undefined reference to `pthread_create'
collect2: error: ld returned 1 exit status
CMakeFiles/cmTC_13043.dir/build.make:97: recipe for target 'cmTC_13043' failed
make[1]: *** [cmTC_13043] Error 1
make[1]: Leaving directory '/home/alfonso/Desktop/pepper_shopping_assistant/ROS/build/catkin_tools_prebuild/CMakeFiles/CMakeTmp'
Makefile:126: recipe for target 'cmTC_13043/fast' failed
make: *** [cmTC_13043/fast] Error 2

File /home/alfonso/Desktop/pepper_shopping_assistant/ROS/build/catkin_tools_prebuild/CMakeFiles/CMakeTmp/CheckSymbolExists.c:
/* */
#include <pthread.h>

int main(int argc, char** argv)
{
  (void)argv;
#ifndef pthread_create
  return ((int*)(&pthread_create))[argc];
#else
  (void)argc;
  return 0;
#endif
}

Determining if the function pthread_create exists in the pthreads failed with the following output:
Change Dir: /home/alfonso/Desktop/pepper_shopping_assistant/ROS/build/catkin_tools_prebuild/CMakeFiles/CMakeTmp

Run Build Command:"/usr/bin/make" "cmTC_f0684/fast"
/usr/bin/make -f CMakeFiles/cmTC_f0684.dir/build.make CMakeFiles/cmTC_f0684.dir/build
make[1]: Entering directory '/home/alfonso/Desktop/pepper_shopping_assistant/ROS/build/catkin_tools_prebuild/CMakeFiles/CMakeTmp'
Building C object CMakeFiles/cmTC_f0684.dir/CheckFunctionExists.c.o
/usr/bin/cc   -DCHECK_FUNCTION_EXISTS=pthread_create   -o CMakeFiles/cmTC_f0684.dir/CheckFunctionExists.c.o   -c /usr/share/cmake-3.10/Modules/CheckFunctionExists.c
Linking C executable cmTC_f0684
/usr/bin/cmake -E cmake_link_script CMakeFiles/cmTC_f0684.dir/link.txt --verbose=1
/usr/bin/cc  -DCHECK_FUNCTION_EXISTS=pthread_create    -rdynamic CMakeFiles/cmTC_f0684.dir/CheckFunctionExists.c.o  -o cmTC_f0684 -lpthreads 
/usr/bin/ld: cannot find -lpthreads
collect2: error: ld returned 1 exit status
CMakeFiles/cmTC_f0684.dir/build.make:97: recipe for target 'cmTC_f0684' failed
make[1]: *** [cmTC_f0684] Error 1
make[1]: Leaving directory '/home/alfonso/Desktop/pepper_shopping_assistant/ROS/build/catkin_tools_prebuild/CMakeFiles/CMakeTmp'
Makefile:126: recipe for target 'cmTC_f0684/fast' failed
make: *** [cmTC_f0684/fast] Error 2


