Symlinking /home/angelo/Desktop/pepper_shopping_assistant/ROS/devel/lib/python2.7/dist-packages/pepper_interface/__init__.py
Symlinking /home/angelo/Desktop/pepper_shopping_assistant/ROS/devel/lib/python2.7/dist-packages/pepper_interface/srv/_WakeUp.py
Symlinking /home/angelo/Desktop/pepper_shopping_assistant/ROS/devel/lib/python2.7/dist-packages/pepper_interface/srv/__init__.py
Symlinking /home/angelo/Desktop/pepper_shopping_assistant/ROS/devel/lib/python2.7/dist-packages/pepper_interface/srv/_Talk.py
Symlinking /home/angelo/Desktop/pepper_shopping_assistant/ROS/devel/lib/python2.7/dist-packages/pepper_interface/srv/_PepperRequest.py
Symlinking /home/angelo/Desktop/pepper_shopping_assistant/ROS/devel/lib/python2.7/dist-packages/pepper_interface/srv/_LoadURL.py
Symlinking /home/angelo/Desktop/pepper_shopping_assistant/ROS/devel/lib/python2.7/dist-packages/pepper_interface/srv/_ExecuteJS.py
Symlinking /home/angelo/Desktop/pepper_shopping_assistant/ROS/devel/lib/python2.7/dist-packages/pepper_interface/srv/_Rest.py
Symlinking /home/angelo/Desktop/pepper_shopping_assistant/ROS/devel/lib/pkgconfig/pepper_interface.pc
Symlinking /home/angelo/Desktop/pepper_shopping_assistant/ROS/devel/share/pepper_interface/cmake/pepper_interfaceConfig-version.cmake
Symlinking /home/angelo/Desktop/pepper_shopping_assistant/ROS/devel/share/pepper_interface/cmake/pepper_interface-msg-extras.cmake
Symlinking /home/angelo/Desktop/pepper_shopping_assistant/ROS/devel/share/pepper_interface/cmake/pepper_interface-msg-paths.cmake
Symlinking /home/angelo/Desktop/pepper_shopping_assistant/ROS/devel/share/pepper_interface/cmake/pepper_interfaceConfig.cmake
Symlinking /home/angelo/Desktop/pepper_shopping_assistant/ROS/devel/share/roseus/ros/pepper_interface/manifest.l
Symlinking /home/angelo/Desktop/pepper_shopping_assistant/ROS/devel/share/roseus/ros/pepper_interface/srv/WakeUp.l
Symlinking /home/angelo/Desktop/pepper_shopping_assistant/ROS/devel/share/roseus/ros/pepper_interface/srv/Talk.l
Symlinking /home/angelo/Desktop/pepper_shopping_assistant/ROS/devel/share/roseus/ros/pepper_interface/srv/ExecuteJS.l
Symlinking /home/angelo/Desktop/pepper_shopping_assistant/ROS/devel/share/roseus/ros/pepper_interface/srv/PepperRequest.l
Symlinking /home/angelo/Desktop/pepper_shopping_assistant/ROS/devel/share/roseus/ros/pepper_interface/srv/Rest.l
Symlinking /home/angelo/Desktop/pepper_shopping_assistant/ROS/devel/share/roseus/ros/pepper_interface/srv/LoadURL.l
Symlinking /home/angelo/Desktop/pepper_shopping_assistant/ROS/devel/share/gennodejs/ros/pepper_interface/_index.js
Symlinking /home/angelo/Desktop/pepper_shopping_assistant/ROS/devel/share/gennodejs/ros/pepper_interface/srv/Rest.js
Symlinking /home/angelo/Desktop/pepper_shopping_assistant/ROS/devel/share/gennodejs/ros/pepper_interface/srv/ExecuteJS.js
Symlinking /home/angelo/Desktop/pepper_shopping_assistant/ROS/devel/share/gennodejs/ros/pepper_interface/srv/Talk.js
Symlinking /home/angelo/Desktop/pepper_shopping_assistant/ROS/devel/share/gennodejs/ros/pepper_interface/srv/_index.js
Symlinking /home/angelo/Desktop/pepper_shopping_assistant/ROS/devel/share/gennodejs/ros/pepper_interface/srv/LoadURL.js
Symlinking /home/angelo/Desktop/pepper_shopping_assistant/ROS/devel/share/gennodejs/ros/pepper_interface/srv/PepperRequest.js
Symlinking /home/angelo/Desktop/pepper_shopping_assistant/ROS/devel/share/gennodejs/ros/pepper_interface/srv/WakeUp.js
Symlinking /home/angelo/Desktop/pepper_shopping_assistant/ROS/devel/share/common-lisp/ros/pepper_interface/srv/_package_Rest.lisp
Symlinking /home/angelo/Desktop/pepper_shopping_assistant/ROS/devel/share/common-lisp/ros/pepper_interface/srv/Talk.lisp
Symlinking /home/angelo/Desktop/pepper_shopping_assistant/ROS/devel/share/common-lisp/ros/pepper_interface/srv/PepperRequest.lisp
Symlinking /home/angelo/Desktop/pepper_shopping_assistant/ROS/devel/share/common-lisp/ros/pepper_interface/srv/_package_ExecuteJS.lisp
Symlinking /home/angelo/Desktop/pepper_shopping_assistant/ROS/devel/share/common-lisp/ros/pepper_interface/srv/pepper_interface-srv.asd
Symlinking /home/angelo/Desktop/pepper_shopping_assistant/ROS/devel/share/common-lisp/ros/pepper_interface/srv/WakeUp.lisp
Symlinking /home/angelo/Desktop/pepper_shopping_assistant/ROS/devel/share/common-lisp/ros/pepper_interface/srv/_package.lisp
Symlinking /home/angelo/Desktop/pepper_shopping_assistant/ROS/devel/share/common-lisp/ros/pepper_interface/srv/ExecuteJS.lisp
Symlinking /home/angelo/Desktop/pepper_shopping_assistant/ROS/devel/share/common-lisp/ros/pepper_interface/srv/_package_Talk.lisp
Symlinking /home/angelo/Desktop/pepper_shopping_assistant/ROS/devel/share/common-lisp/ros/pepper_interface/srv/_package_LoadURL.lisp
Symlinking /home/angelo/Desktop/pepper_shopping_assistant/ROS/devel/share/common-lisp/ros/pepper_interface/srv/LoadURL.lisp
Symlinking /home/angelo/Desktop/pepper_shopping_assistant/ROS/devel/share/common-lisp/ros/pepper_interface/srv/Rest.lisp
Symlinking /home/angelo/Desktop/pepper_shopping_assistant/ROS/devel/share/common-lisp/ros/pepper_interface/srv/_package_WakeUp.lisp
Symlinking /home/angelo/Desktop/pepper_shopping_assistant/ROS/devel/share/common-lisp/ros/pepper_interface/srv/_package_PepperRequest.lisp
Symlinking /home/angelo/Desktop/pepper_shopping_assistant/ROS/devel/include/pepper_interface/TalkRequest.h
Symlinking /home/angelo/Desktop/pepper_shopping_assistant/ROS/devel/include/pepper_interface/LoadURL.h
Symlinking /home/angelo/Desktop/pepper_shopping_assistant/ROS/devel/include/pepper_interface/TalkResponse.h
Symlinking /home/angelo/Desktop/pepper_shopping_assistant/ROS/devel/include/pepper_interface/WakeUp.h
Symlinking /home/angelo/Desktop/pepper_shopping_assistant/ROS/devel/include/pepper_interface/WakeUpRequest.h
Symlinking /home/angelo/Desktop/pepper_shopping_assistant/ROS/devel/include/pepper_interface/LoadURLRequest.h
Symlinking /home/angelo/Desktop/pepper_shopping_assistant/ROS/devel/include/pepper_interface/ExecuteJS.h
Symlinking /home/angelo/Desktop/pepper_shopping_assistant/ROS/devel/include/pepper_interface/ExecuteJSRequest.h
Symlinking /home/angelo/Desktop/pepper_shopping_assistant/ROS/devel/include/pepper_interface/PepperRequestResponse.h
Symlinking /home/angelo/Desktop/pepper_shopping_assistant/ROS/devel/include/pepper_interface/RestRequest.h
Symlinking /home/angelo/Desktop/pepper_shopping_assistant/ROS/devel/include/pepper_interface/ExecuteJSResponse.h
Symlinking /home/angelo/Desktop/pepper_shopping_assistant/ROS/devel/include/pepper_interface/PepperRequest.h
Symlinking /home/angelo/Desktop/pepper_shopping_assistant/ROS/devel/include/pepper_interface/Talk.h
Symlinking /home/angelo/Desktop/pepper_shopping_assistant/ROS/devel/include/pepper_interface/Rest.h
Symlinking /home/angelo/Desktop/pepper_shopping_assistant/ROS/devel/include/pepper_interface/RestResponse.h
Symlinking /home/angelo/Desktop/pepper_shopping_assistant/ROS/devel/include/pepper_interface/PepperRequestRequest.h
Symlinking /home/angelo/Desktop/pepper_shopping_assistant/ROS/devel/include/pepper_interface/LoadURLResponse.h
Symlinking /home/angelo/Desktop/pepper_shopping_assistant/ROS/devel/include/pepper_interface/WakeUpResponse.h
Cleaning: (/home/alfonso/Desktop/pepper_shopping_assistant/ROS/devel/.private/pepper_interface/cmake.lock, /home/alfonso/Desktop/pepper_shopping_assistant/ROS/devel/./cmake.lock)
Cleaning: (/home/alfonso/Desktop/pepper_shopping_assistant/ROS/devel/.private/pepper_interface/share/common-lisp/ros/pepper_interface/srv/ExecuteJS.lisp, /home/alfonso/Desktop/pepper_shopping_assistant/ROS/devel/share/common-lisp/ros/pepper_interface/srv/ExecuteJS.lisp)
Cleaning: (/home/alfonso/Desktop/pepper_shopping_assistant/ROS/devel/.private/pepper_interface/share/common-lisp/ros/pepper_interface/srv/_package_WakeUp.lisp, /home/alfonso/Desktop/pepper_shopping_assistant/ROS/devel/share/common-lisp/ros/pepper_interface/srv/_package_WakeUp.lisp)
Cleaning: (/home/alfonso/Desktop/pepper_shopping_assistant/ROS/devel/.private/pepper_interface/share/common-lisp/ros/pepper_interface/srv/LoadURL.lisp, /home/alfonso/Desktop/pepper_shopping_assistant/ROS/devel/share/common-lisp/ros/pepper_interface/srv/LoadURL.lisp)
Cleaning: (/home/alfonso/Desktop/pepper_shopping_assistant/ROS/devel/.private/pepper_interface/share/common-lisp/ros/pepper_interface/srv/_package_ExecuteJS.lisp, /home/alfonso/Desktop/pepper_shopping_assistant/ROS/devel/share/common-lisp/ros/pepper_interface/srv/_package_ExecuteJS.lisp)
Cleaning: (/home/alfonso/Desktop/pepper_shopping_assistant/ROS/devel/.private/pepper_interface/share/common-lisp/ros/pepper_interface/srv/_package_Rest.lisp, /home/alfonso/Desktop/pepper_shopping_assistant/ROS/devel/share/common-lisp/ros/pepper_interface/srv/_package_Rest.lisp)
Cleaning: (/home/alfonso/Desktop/pepper_shopping_assistant/ROS/devel/.private/pepper_interface/share/common-lisp/ros/pepper_interface/srv/Talk.lisp, /home/alfonso/Desktop/pepper_shopping_assistant/ROS/devel/share/common-lisp/ros/pepper_interface/srv/Talk.lisp)
Cleaning: (/home/alfonso/Desktop/pepper_shopping_assistant/ROS/devel/.private/pepper_interface/share/common-lisp/ros/pepper_interface/srv/Rest.lisp, /home/alfonso/Desktop/pepper_shopping_assistant/ROS/devel/share/common-lisp/ros/pepper_interface/srv/Rest.lisp)
Cleaning: (/home/alfonso/Desktop/pepper_shopping_assistant/ROS/devel/.private/pepper_interface/share/common-lisp/ros/pepper_interface/srv/_package.lisp, /home/alfonso/Desktop/pepper_shopping_assistant/ROS/devel/share/common-lisp/ros/pepper_interface/srv/_package.lisp)
Cleaning: (/home/alfonso/Desktop/pepper_shopping_assistant/ROS/devel/.private/pepper_interface/share/common-lisp/ros/pepper_interface/srv/pepper_interface-srv.asd, /home/alfonso/Desktop/pepper_shopping_assistant/ROS/devel/share/common-lisp/ros/pepper_interface/srv/pepper_interface-srv.asd)
Cleaning: (/home/alfonso/Desktop/pepper_shopping_assistant/ROS/devel/.private/pepper_interface/share/common-lisp/ros/pepper_interface/srv/WakeUp.lisp, /home/alfonso/Desktop/pepper_shopping_assistant/ROS/devel/share/common-lisp/ros/pepper_interface/srv/WakeUp.lisp)
Cleaning: (/home/alfonso/Desktop/pepper_shopping_assistant/ROS/devel/.private/pepper_interface/share/common-lisp/ros/pepper_interface/srv/_package_LoadURL.lisp, /home/alfonso/Desktop/pepper_shopping_assistant/ROS/devel/share/common-lisp/ros/pepper_interface/srv/_package_LoadURL.lisp)
Cleaning: (/home/alfonso/Desktop/pepper_shopping_assistant/ROS/devel/.private/pepper_interface/share/common-lisp/ros/pepper_interface/srv/_package_Talk.lisp, /home/alfonso/Desktop/pepper_shopping_assistant/ROS/devel/share/common-lisp/ros/pepper_interface/srv/_package_Talk.lisp)
Cleaning: (/home/alfonso/Desktop/pepper_shopping_assistant/ROS/devel/.private/pepper_interface/share/roseus/ros/pepper_interface/manifest.l, /home/alfonso/Desktop/pepper_shopping_assistant/ROS/devel/share/roseus/ros/pepper_interface/manifest.l)
Cleaning: (/home/alfonso/Desktop/pepper_shopping_assistant/ROS/devel/.private/pepper_interface/share/roseus/ros/pepper_interface/srv/LoadURL.l, /home/alfonso/Desktop/pepper_shopping_assistant/ROS/devel/share/roseus/ros/pepper_interface/srv/LoadURL.l)
Cleaning: (/home/alfonso/Desktop/pepper_shopping_assistant/ROS/devel/.private/pepper_interface/share/roseus/ros/pepper_interface/srv/Rest.l, /home/alfonso/Desktop/pepper_shopping_assistant/ROS/devel/share/roseus/ros/pepper_interface/srv/Rest.l)
Cleaning: (/home/alfonso/Desktop/pepper_shopping_assistant/ROS/devel/.private/pepper_interface/share/roseus/ros/pepper_interface/srv/ExecuteJS.l, /home/alfonso/Desktop/pepper_shopping_assistant/ROS/devel/share/roseus/ros/pepper_interface/srv/ExecuteJS.l)
Cleaning: (/home/alfonso/Desktop/pepper_shopping_assistant/ROS/devel/.private/pepper_interface/share/roseus/ros/pepper_interface/srv/WakeUp.l, /home/alfonso/Desktop/pepper_shopping_assistant/ROS/devel/share/roseus/ros/pepper_interface/srv/WakeUp.l)
Cleaning: (/home/alfonso/Desktop/pepper_shopping_assistant/ROS/devel/.private/pepper_interface/share/roseus/ros/pepper_interface/srv/Talk.l, /home/alfonso/Desktop/pepper_shopping_assistant/ROS/devel/share/roseus/ros/pepper_interface/srv/Talk.l)
Cleaning: (/home/alfonso/Desktop/pepper_shopping_assistant/ROS/devel/.private/pepper_interface/share/gennodejs/ros/pepper_interface/_index.js, /home/alfonso/Desktop/pepper_shopping_assistant/ROS/devel/share/gennodejs/ros/pepper_interface/_index.js)
Cleaning: (/home/alfonso/Desktop/pepper_shopping_assistant/ROS/devel/.private/pepper_interface/share/gennodejs/ros/pepper_interface/srv/_index.js, /home/alfonso/Desktop/pepper_shopping_assistant/ROS/devel/share/gennodejs/ros/pepper_interface/srv/_index.js)
Cleaning: (/home/alfonso/Desktop/pepper_shopping_assistant/ROS/devel/.private/pepper_interface/share/gennodejs/ros/pepper_interface/srv/LoadURL.js, /home/alfonso/Desktop/pepper_shopping_assistant/ROS/devel/share/gennodejs/ros/pepper_interface/srv/LoadURL.js)
Cleaning: (/home/alfonso/Desktop/pepper_shopping_assistant/ROS/devel/.private/pepper_interface/share/gennodejs/ros/pepper_interface/srv/ExecuteJS.js, /home/alfonso/Desktop/pepper_shopping_assistant/ROS/devel/share/gennodejs/ros/pepper_interface/srv/ExecuteJS.js)
Cleaning: (/home/alfonso/Desktop/pepper_shopping_assistant/ROS/devel/.private/pepper_interface/share/gennodejs/ros/pepper_interface/srv/WakeUp.js, /home/alfonso/Desktop/pepper_shopping_assistant/ROS/devel/share/gennodejs/ros/pepper_interface/srv/WakeUp.js)
Cleaning: (/home/alfonso/Desktop/pepper_shopping_assistant/ROS/devel/.private/pepper_interface/share/gennodejs/ros/pepper_interface/srv/Rest.js, /home/alfonso/Desktop/pepper_shopping_assistant/ROS/devel/share/gennodejs/ros/pepper_interface/srv/Rest.js)
Cleaning: (/home/alfonso/Desktop/pepper_shopping_assistant/ROS/devel/.private/pepper_interface/share/gennodejs/ros/pepper_interface/srv/Talk.js, /home/alfonso/Desktop/pepper_shopping_assistant/ROS/devel/share/gennodejs/ros/pepper_interface/srv/Talk.js)
Cleaning: (/home/alfonso/Desktop/pepper_shopping_assistant/ROS/devel/.private/pepper_interface/share/pepper_interface/cmake/pepper_interface-msg-paths.cmake, /home/alfonso/Desktop/pepper_shopping_assistant/ROS/devel/share/pepper_interface/cmake/pepper_interface-msg-paths.cmake)
Cleaning: (/home/alfonso/Desktop/pepper_shopping_assistant/ROS/devel/.private/pepper_interface/share/pepper_interface/cmake/pepper_interface-msg-extras.cmake, /home/alfonso/Desktop/pepper_shopping_assistant/ROS/devel/share/pepper_interface/cmake/pepper_interface-msg-extras.cmake)
Cleaning: (/home/alfonso/Desktop/pepper_shopping_assistant/ROS/devel/.private/pepper_interface/share/pepper_interface/cmake/pepper_interfaceConfig.cmake, /home/alfonso/Desktop/pepper_shopping_assistant/ROS/devel/share/pepper_interface/cmake/pepper_interfaceConfig.cmake)
Cleaning: (/home/alfonso/Desktop/pepper_shopping_assistant/ROS/devel/.private/pepper_interface/share/pepper_interface/cmake/pepper_interfaceConfig-version.cmake, /home/alfonso/Desktop/pepper_shopping_assistant/ROS/devel/share/pepper_interface/cmake/pepper_interfaceConfig-version.cmake)
Cleaning: (/home/alfonso/Desktop/pepper_shopping_assistant/ROS/devel/.private/pepper_interface/include/pepper_interface/ExecuteJS.h, /home/alfonso/Desktop/pepper_shopping_assistant/ROS/devel/include/pepper_interface/ExecuteJS.h)
Cleaning: (/home/alfonso/Desktop/pepper_shopping_assistant/ROS/devel/.private/pepper_interface/include/pepper_interface/TalkResponse.h, /home/alfonso/Desktop/pepper_shopping_assistant/ROS/devel/include/pepper_interface/TalkResponse.h)
Cleaning: (/home/alfonso/Desktop/pepper_shopping_assistant/ROS/devel/.private/pepper_interface/include/pepper_interface/Rest.h, /home/alfonso/Desktop/pepper_shopping_assistant/ROS/devel/include/pepper_interface/Rest.h)
Cleaning: (/home/alfonso/Desktop/pepper_shopping_assistant/ROS/devel/.private/pepper_interface/include/pepper_interface/LoadURLResponse.h, /home/alfonso/Desktop/pepper_shopping_assistant/ROS/devel/include/pepper_interface/LoadURLResponse.h)
Cleaning: (/home/alfonso/Desktop/pepper_shopping_assistant/ROS/devel/.private/pepper_interface/include/pepper_interface/RestRequest.h, /home/alfonso/Desktop/pepper_shopping_assistant/ROS/devel/include/pepper_interface/RestRequest.h)
Cleaning: (/home/alfonso/Desktop/pepper_shopping_assistant/ROS/devel/.private/pepper_interface/include/pepper_interface/ExecuteJSRequest.h, /home/alfonso/Desktop/pepper_shopping_assistant/ROS/devel/include/pepper_interface/ExecuteJSRequest.h)
Cleaning: (/home/alfonso/Desktop/pepper_shopping_assistant/ROS/devel/.private/pepper_interface/include/pepper_interface/WakeUpRequest.h, /home/alfonso/Desktop/pepper_shopping_assistant/ROS/devel/include/pepper_interface/WakeUpRequest.h)
Cleaning: (/home/alfonso/Desktop/pepper_shopping_assistant/ROS/devel/.private/pepper_interface/include/pepper_interface/Talk.h, /home/alfonso/Desktop/pepper_shopping_assistant/ROS/devel/include/pepper_interface/Talk.h)
Cleaning: (/home/alfonso/Desktop/pepper_shopping_assistant/ROS/devel/.private/pepper_interface/include/pepper_interface/TalkRequest.h, /home/alfonso/Desktop/pepper_shopping_assistant/ROS/devel/include/pepper_interface/TalkRequest.h)
Cleaning: (/home/alfonso/Desktop/pepper_shopping_assistant/ROS/devel/.private/pepper_interface/include/pepper_interface/LoadURL.h, /home/alfonso/Desktop/pepper_shopping_assistant/ROS/devel/include/pepper_interface/LoadURL.h)
Cleaning: (/home/alfonso/Desktop/pepper_shopping_assistant/ROS/devel/.private/pepper_interface/include/pepper_interface/WakeUpResponse.h, /home/alfonso/Desktop/pepper_shopping_assistant/ROS/devel/include/pepper_interface/WakeUpResponse.h)
Cleaning: (/home/alfonso/Desktop/pepper_shopping_assistant/ROS/devel/.private/pepper_interface/include/pepper_interface/RestResponse.h, /home/alfonso/Desktop/pepper_shopping_assistant/ROS/devel/include/pepper_interface/RestResponse.h)
Cleaning: (/home/alfonso/Desktop/pepper_shopping_assistant/ROS/devel/.private/pepper_interface/include/pepper_interface/LoadURLRequest.h, /home/alfonso/Desktop/pepper_shopping_assistant/ROS/devel/include/pepper_interface/LoadURLRequest.h)
Cleaning: (/home/alfonso/Desktop/pepper_shopping_assistant/ROS/devel/.private/pepper_interface/include/pepper_interface/WakeUp.h, /home/alfonso/Desktop/pepper_shopping_assistant/ROS/devel/include/pepper_interface/WakeUp.h)
Cleaning: (/home/alfonso/Desktop/pepper_shopping_assistant/ROS/devel/.private/pepper_interface/include/pepper_interface/ExecuteJSResponse.h, /home/alfonso/Desktop/pepper_shopping_assistant/ROS/devel/include/pepper_interface/ExecuteJSResponse.h)
Cleaning: (/home/alfonso/Desktop/pepper_shopping_assistant/ROS/devel/.private/pepper_interface/lib/pkgconfig/pepper_interface.pc, /home/alfonso/Desktop/pepper_shopping_assistant/ROS/devel/lib/pkgconfig/pepper_interface.pc)
Cleaning: (/home/alfonso/Desktop/pepper_shopping_assistant/ROS/devel/.private/pepper_interface/lib/python2.7/dist-packages/pepper_interface/__init__.py, /home/alfonso/Desktop/pepper_shopping_assistant/ROS/devel/lib/python2.7/dist-packages/pepper_interface/__init__.py)
Cleaning: (/home/alfonso/Desktop/pepper_shopping_assistant/ROS/devel/.private/pepper_interface/lib/python2.7/dist-packages/pepper_interface/srv/_Talk.py, /home/alfonso/Desktop/pepper_shopping_assistant/ROS/devel/lib/python2.7/dist-packages/pepper_interface/srv/_Talk.py)
Cleaning: (/home/alfonso/Desktop/pepper_shopping_assistant/ROS/devel/.private/pepper_interface/lib/python2.7/dist-packages/pepper_interface/srv/_WakeUp.py, /home/alfonso/Desktop/pepper_shopping_assistant/ROS/devel/lib/python2.7/dist-packages/pepper_interface/srv/_WakeUp.py)
Cleaning: (/home/alfonso/Desktop/pepper_shopping_assistant/ROS/devel/.private/pepper_interface/lib/python2.7/dist-packages/pepper_interface/srv/_LoadURL.py, /home/alfonso/Desktop/pepper_shopping_assistant/ROS/devel/lib/python2.7/dist-packages/pepper_interface/srv/_LoadURL.py)
Cleaning: (/home/alfonso/Desktop/pepper_shopping_assistant/ROS/devel/.private/pepper_interface/lib/python2.7/dist-packages/pepper_interface/srv/_Rest.py, /home/alfonso/Desktop/pepper_shopping_assistant/ROS/devel/lib/python2.7/dist-packages/pepper_interface/srv/_Rest.py)
Cleaning: (/home/alfonso/Desktop/pepper_shopping_assistant/ROS/devel/.private/pepper_interface/lib/python2.7/dist-packages/pepper_interface/srv/_ExecuteJS.py, /home/alfonso/Desktop/pepper_shopping_assistant/ROS/devel/lib/python2.7/dist-packages/pepper_interface/srv/_ExecuteJS.py)
Cleaning: (/home/alfonso/Desktop/pepper_shopping_assistant/ROS/devel/.private/pepper_interface/lib/python2.7/dist-packages/pepper_interface/srv/__init__.py, /home/alfonso/Desktop/pepper_shopping_assistant/ROS/devel/lib/python2.7/dist-packages/pepper_interface/srv/__init__.py)
Unlinking: /home/alfonso/Desktop/pepper_shopping_assistant/ROS/devel/share/common-lisp/ros/pepper_interface/srv/ExecuteJS.lisp
Already unlinked: {}
Unlinking: /home/alfonso/Desktop/pepper_shopping_assistant/ROS/devel/share/common-lisp/ros/pepper_interface/srv/_package_WakeUp.lisp
Already unlinked: {}
Unlinking: /home/alfonso/Desktop/pepper_shopping_assistant/ROS/devel/share/common-lisp/ros/pepper_interface/srv/LoadURL.lisp
Already unlinked: {}
Unlinking: /home/alfonso/Desktop/pepper_shopping_assistant/ROS/devel/share/common-lisp/ros/pepper_interface/srv/_package_ExecuteJS.lisp
Already unlinked: {}
Unlinking: /home/alfonso/Desktop/pepper_shopping_assistant/ROS/devel/share/common-lisp/ros/pepper_interface/srv/_package_Rest.lisp
Already unlinked: {}
Unlinking: /home/alfonso/Desktop/pepper_shopping_assistant/ROS/devel/share/common-lisp/ros/pepper_interface/srv/Talk.lisp
Already unlinked: {}
Unlinking: /home/alfonso/Desktop/pepper_shopping_assistant/ROS/devel/share/common-lisp/ros/pepper_interface/srv/Rest.lisp
Already unlinked: {}
Unlinking: /home/alfonso/Desktop/pepper_shopping_assistant/ROS/devel/share/common-lisp/ros/pepper_interface/srv/_package.lisp
Already unlinked: {}
Unlinking: /home/alfonso/Desktop/pepper_shopping_assistant/ROS/devel/share/common-lisp/ros/pepper_interface/srv/pepper_interface-srv.asd
Already unlinked: {}
Unlinking: /home/alfonso/Desktop/pepper_shopping_assistant/ROS/devel/share/common-lisp/ros/pepper_interface/srv/WakeUp.lisp
Already unlinked: {}
Unlinking: /home/alfonso/Desktop/pepper_shopping_assistant/ROS/devel/share/common-lisp/ros/pepper_interface/srv/_package_LoadURL.lisp
Already unlinked: {}
Unlinking: /home/alfonso/Desktop/pepper_shopping_assistant/ROS/devel/share/common-lisp/ros/pepper_interface/srv/_package_Talk.lisp
Already unlinked: {}
Unlinking: /home/alfonso/Desktop/pepper_shopping_assistant/ROS/devel/share/roseus/ros/pepper_interface/manifest.l
Already unlinked: {}
Unlinking: /home/alfonso/Desktop/pepper_shopping_assistant/ROS/devel/share/roseus/ros/pepper_interface/srv/LoadURL.l
Already unlinked: {}
Unlinking: /home/alfonso/Desktop/pepper_shopping_assistant/ROS/devel/share/roseus/ros/pepper_interface/srv/Rest.l
Already unlinked: {}
Unlinking: /home/alfonso/Desktop/pepper_shopping_assistant/ROS/devel/share/roseus/ros/pepper_interface/srv/ExecuteJS.l
Already unlinked: {}
Unlinking: /home/alfonso/Desktop/pepper_shopping_assistant/ROS/devel/share/roseus/ros/pepper_interface/srv/WakeUp.l
Already unlinked: {}
Unlinking: /home/alfonso/Desktop/pepper_shopping_assistant/ROS/devel/share/roseus/ros/pepper_interface/srv/Talk.l
Already unlinked: {}
Unlinking: /home/alfonso/Desktop/pepper_shopping_assistant/ROS/devel/share/gennodejs/ros/pepper_interface/_index.js
Already unlinked: {}
Unlinking: /home/alfonso/Desktop/pepper_shopping_assistant/ROS/devel/share/gennodejs/ros/pepper_interface/srv/_index.js
Already unlinked: {}
Unlinking: /home/alfonso/Desktop/pepper_shopping_assistant/ROS/devel/share/gennodejs/ros/pepper_interface/srv/LoadURL.js
Already unlinked: {}
Unlinking: /home/alfonso/Desktop/pepper_shopping_assistant/ROS/devel/share/gennodejs/ros/pepper_interface/srv/ExecuteJS.js
Already unlinked: {}
Unlinking: /home/alfonso/Desktop/pepper_shopping_assistant/ROS/devel/share/gennodejs/ros/pepper_interface/srv/WakeUp.js
Already unlinked: {}
Unlinking: /home/alfonso/Desktop/pepper_shopping_assistant/ROS/devel/share/gennodejs/ros/pepper_interface/srv/Rest.js
Already unlinked: {}
Unlinking: /home/alfonso/Desktop/pepper_shopping_assistant/ROS/devel/share/gennodejs/ros/pepper_interface/srv/Talk.js
Already unlinked: {}
Unlinking: /home/alfonso/Desktop/pepper_shopping_assistant/ROS/devel/share/pepper_interface/cmake/pepper_interface-msg-paths.cmake
Already unlinked: {}
Unlinking: /home/alfonso/Desktop/pepper_shopping_assistant/ROS/devel/share/pepper_interface/cmake/pepper_interface-msg-extras.cmake
Already unlinked: {}
Unlinking: /home/alfonso/Desktop/pepper_shopping_assistant/ROS/devel/share/pepper_interface/cmake/pepper_interfaceConfig.cmake
Already unlinked: {}
Unlinking: /home/alfonso/Desktop/pepper_shopping_assistant/ROS/devel/share/pepper_interface/cmake/pepper_interfaceConfig-version.cmake
Already unlinked: {}
Unlinking: /home/alfonso/Desktop/pepper_shopping_assistant/ROS/devel/include/pepper_interface/ExecuteJS.h
Already unlinked: {}
Unlinking: /home/alfonso/Desktop/pepper_shopping_assistant/ROS/devel/include/pepper_interface/TalkResponse.h
Already unlinked: {}
Unlinking: /home/alfonso/Desktop/pepper_shopping_assistant/ROS/devel/include/pepper_interface/Rest.h
Already unlinked: {}
Unlinking: /home/alfonso/Desktop/pepper_shopping_assistant/ROS/devel/include/pepper_interface/LoadURLResponse.h
Already unlinked: {}
Unlinking: /home/alfonso/Desktop/pepper_shopping_assistant/ROS/devel/include/pepper_interface/RestRequest.h
Already unlinked: {}
Unlinking: /home/alfonso/Desktop/pepper_shopping_assistant/ROS/devel/include/pepper_interface/ExecuteJSRequest.h
Already unlinked: {}
Unlinking: /home/alfonso/Desktop/pepper_shopping_assistant/ROS/devel/include/pepper_interface/WakeUpRequest.h
Already unlinked: {}
Unlinking: /home/alfonso/Desktop/pepper_shopping_assistant/ROS/devel/include/pepper_interface/Talk.h
Already unlinked: {}
Unlinking: /home/alfonso/Desktop/pepper_shopping_assistant/ROS/devel/include/pepper_interface/TalkRequest.h
Already unlinked: {}
Unlinking: /home/alfonso/Desktop/pepper_shopping_assistant/ROS/devel/include/pepper_interface/LoadURL.h
Already unlinked: {}
Unlinking: /home/alfonso/Desktop/pepper_shopping_assistant/ROS/devel/include/pepper_interface/WakeUpResponse.h
Already unlinked: {}
Unlinking: /home/alfonso/Desktop/pepper_shopping_assistant/ROS/devel/include/pepper_interface/RestResponse.h
Already unlinked: {}
Unlinking: /home/alfonso/Desktop/pepper_shopping_assistant/ROS/devel/include/pepper_interface/LoadURLRequest.h
Already unlinked: {}
Unlinking: /home/alfonso/Desktop/pepper_shopping_assistant/ROS/devel/include/pepper_interface/WakeUp.h
Already unlinked: {}
Unlinking: /home/alfonso/Desktop/pepper_shopping_assistant/ROS/devel/include/pepper_interface/ExecuteJSResponse.h
Already unlinked: {}
Unlinking: /home/alfonso/Desktop/pepper_shopping_assistant/ROS/devel/lib/pkgconfig/pepper_interface.pc
Already unlinked: {}
Unlinking: /home/alfonso/Desktop/pepper_shopping_assistant/ROS/devel/lib/python2.7/dist-packages/pepper_interface/__init__.py
Already unlinked: {}
Unlinking: /home/alfonso/Desktop/pepper_shopping_assistant/ROS/devel/lib/python2.7/dist-packages/pepper_interface/srv/_Talk.py
Already unlinked: {}
Unlinking: /home/alfonso/Desktop/pepper_shopping_assistant/ROS/devel/lib/python2.7/dist-packages/pepper_interface/srv/_WakeUp.py
Already unlinked: {}
Unlinking: /home/alfonso/Desktop/pepper_shopping_assistant/ROS/devel/lib/python2.7/dist-packages/pepper_interface/srv/_LoadURL.py
Already unlinked: {}
Unlinking: /home/alfonso/Desktop/pepper_shopping_assistant/ROS/devel/lib/python2.7/dist-packages/pepper_interface/srv/_Rest.py
Already unlinked: {}
Unlinking: /home/alfonso/Desktop/pepper_shopping_assistant/ROS/devel/lib/python2.7/dist-packages/pepper_interface/srv/_ExecuteJS.py
Already unlinked: {}
Unlinking: /home/alfonso/Desktop/pepper_shopping_assistant/ROS/devel/lib/python2.7/dist-packages/pepper_interface/srv/__init__.py
Already unlinked: {}
