Not searching for unused variables given on the command line.
[36m--[0m Using CATKIN_DEVEL_PREFIX: /home/alfonso/Desktop/pepper_shopping_assistant/ROS/devel/.private/pepper_interface
[36m--[0m Using CMAKE_PREFIX_PATH: /home/alfonso/Desktop/pepper_shopping_assistant/ROS/devel;/opt/ros/melodic
[36m--[0m This workspace overlays: /home/alfonso/Desktop/pepper_shopping_assistant/ROS/devel;/opt/ros/melodic
[36m--[0m Found PythonInterp: /usr/bin/python2 (found suitable version "2.7.17", minimum required is "2")
[36m--[0m Using PYTHON_EXECUTABLE: /usr/bin/python2
[36m--[0m Using Debian Python package layout
[36m--[0m Using empy: /usr/bin/empy
[36m--[0m Using CATKIN_ENABLE_TESTING: ON
[36m--[0m Call enable_testing()
[36m--[0m Using CATKIN_TEST_RESULTS_DIR: /home/alfonso/Desktop/pepper_shopping_assistant/ROS/build/pepper_interface/test_results
[36m--[0m Found gtest sources under '/usr/src/googletest': gtests will be built
[36m--[0m Found gmock sources under '/usr/src/googletest': gmock will be built
[36m--[0m Found PythonInterp: /usr/bin/python2 (found version "2.7.17")
[36m--[0m Using Python nosetests: /usr/bin/nosetests-2.7
[36m--[0m catkin 0.7.29
[36m--[0m BUILD_SHARED_LIBS is on
[36m--[0m Using these message generators: gencpp;geneus;genlisp;gennodejs;genpy
[36m--[0m pepper_interface: 0 messages, 5 services
[31m[1mCMake Error[0m at /opt/ros/melodic/share/catkin/cmake/catkin_package.cmake:224 (message):
  catkin_package() DEPENDS on the catkin package 'message_runtime' which must
  therefore be listed as a run dependency in the package.xml
[36mCall Stack (most recent call first):[0m
  /opt/ros/melodic/share/catkin/cmake/catkin_package.cmake:102 (_catkin_package)
  CMakeLists.txt:109 (catkin_package)


[36m--[0m Configuring incomplete, errors occurred!
See also "/home/alfonso/Desktop/pepper_shopping_assistant/ROS/build/pepper_interface/CMakeFiles/CMakeOutput.log".
See also "/home/alfonso/Desktop/pepper_shopping_assistant/ROS/build/pepper_interface/CMakeFiles/CMakeError.log".
