Linked: (/home/alfonso/Desktop/pepper_shopping_assistant/ROS/devel/.private/pepper_interface/share/common-lisp/ros/pepper_interface/srv/ExecuteJS.lisp, /home/alfonso/Desktop/pepper_shopping_assistant/ROS/devel/share/common-lisp/ros/pepper_interface/srv/ExecuteJS.lisp)
Linked: (/home/alfonso/Desktop/pepper_shopping_assistant/ROS/devel/.private/pepper_interface/share/common-lisp/ros/pepper_interface/srv/_package_WakeUp.lisp, /home/alfonso/Desktop/pepper_shopping_assistant/ROS/devel/share/common-lisp/ros/pepper_interface/srv/_package_WakeUp.lisp)
Linked: (/home/alfonso/Desktop/pepper_shopping_assistant/ROS/devel/.private/pepper_interface/share/common-lisp/ros/pepper_interface/srv/LoadURL.lisp, /home/alfonso/Desktop/pepper_shopping_assistant/ROS/devel/share/common-lisp/ros/pepper_interface/srv/LoadURL.lisp)
Linked: (/home/alfonso/Desktop/pepper_shopping_assistant/ROS/devel/.private/pepper_interface/share/common-lisp/ros/pepper_interface/srv/PepperRequest.lisp, /home/alfonso/Desktop/pepper_shopping_assistant/ROS/devel/share/common-lisp/ros/pepper_interface/srv/PepperRequest.lisp)
Linked: (/home/alfonso/Desktop/pepper_shopping_assistant/ROS/devel/.private/pepper_interface/share/common-lisp/ros/pepper_interface/srv/_package_ExecuteJS.lisp, /home/alfonso/Desktop/pepper_shopping_assistant/ROS/devel/share/common-lisp/ros/pepper_interface/srv/_package_ExecuteJS.lisp)
Linked: (/home/alfonso/Desktop/pepper_shopping_assistant/ROS/devel/.private/pepper_interface/share/common-lisp/ros/pepper_interface/srv/_package_Rest.lisp, /home/alfonso/Desktop/pepper_shopping_assistant/ROS/devel/share/common-lisp/ros/pepper_interface/srv/_package_Rest.lisp)
Linked: (/home/alfonso/Desktop/pepper_shopping_assistant/ROS/devel/.private/pepper_interface/share/common-lisp/ros/pepper_interface/srv/Talk.lisp, /home/alfonso/Desktop/pepper_shopping_assistant/ROS/devel/share/common-lisp/ros/pepper_interface/srv/Talk.lisp)
Linked: (/home/alfonso/Desktop/pepper_shopping_assistant/ROS/devel/.private/pepper_interface/share/common-lisp/ros/pepper_interface/srv/Rest.lisp, /home/alfonso/Desktop/pepper_shopping_assistant/ROS/devel/share/common-lisp/ros/pepper_interface/srv/Rest.lisp)
Linked: (/home/alfonso/Desktop/pepper_shopping_assistant/ROS/devel/.private/pepper_interface/share/common-lisp/ros/pepper_interface/srv/_package.lisp, /home/alfonso/Desktop/pepper_shopping_assistant/ROS/devel/share/common-lisp/ros/pepper_interface/srv/_package.lisp)
Linked: (/home/alfonso/Desktop/pepper_shopping_assistant/ROS/devel/.private/pepper_interface/share/common-lisp/ros/pepper_interface/srv/_package_PepperRequest.lisp, /home/alfonso/Desktop/pepper_shopping_assistant/ROS/devel/share/common-lisp/ros/pepper_interface/srv/_package_PepperRequest.lisp)
Linked: (/home/alfonso/Desktop/pepper_shopping_assistant/ROS/devel/.private/pepper_interface/share/common-lisp/ros/pepper_interface/srv/pepper_interface-srv.asd, /home/alfonso/Desktop/pepper_shopping_assistant/ROS/devel/share/common-lisp/ros/pepper_interface/srv/pepper_interface-srv.asd)
Linked: (/home/alfonso/Desktop/pepper_shopping_assistant/ROS/devel/.private/pepper_interface/share/common-lisp/ros/pepper_interface/srv/WakeUp.lisp, /home/alfonso/Desktop/pepper_shopping_assistant/ROS/devel/share/common-lisp/ros/pepper_interface/srv/WakeUp.lisp)
Linked: (/home/alfonso/Desktop/pepper_shopping_assistant/ROS/devel/.private/pepper_interface/share/common-lisp/ros/pepper_interface/srv/_package_LoadURL.lisp, /home/alfonso/Desktop/pepper_shopping_assistant/ROS/devel/share/common-lisp/ros/pepper_interface/srv/_package_LoadURL.lisp)
Linked: (/home/alfonso/Desktop/pepper_shopping_assistant/ROS/devel/.private/pepper_interface/share/common-lisp/ros/pepper_interface/srv/_package_Talk.lisp, /home/alfonso/Desktop/pepper_shopping_assistant/ROS/devel/share/common-lisp/ros/pepper_interface/srv/_package_Talk.lisp)
Linked: (/home/alfonso/Desktop/pepper_shopping_assistant/ROS/devel/.private/pepper_interface/share/roseus/ros/pepper_interface/manifest.l, /home/alfonso/Desktop/pepper_shopping_assistant/ROS/devel/share/roseus/ros/pepper_interface/manifest.l)
Linked: (/home/alfonso/Desktop/pepper_shopping_assistant/ROS/devel/.private/pepper_interface/share/roseus/ros/pepper_interface/srv/LoadURL.l, /home/alfonso/Desktop/pepper_shopping_assistant/ROS/devel/share/roseus/ros/pepper_interface/srv/LoadURL.l)
Linked: (/home/alfonso/Desktop/pepper_shopping_assistant/ROS/devel/.private/pepper_interface/share/roseus/ros/pepper_interface/srv/Rest.l, /home/alfonso/Desktop/pepper_shopping_assistant/ROS/devel/share/roseus/ros/pepper_interface/srv/Rest.l)
Linked: (/home/alfonso/Desktop/pepper_shopping_assistant/ROS/devel/.private/pepper_interface/share/roseus/ros/pepper_interface/srv/ExecuteJS.l, /home/alfonso/Desktop/pepper_shopping_assistant/ROS/devel/share/roseus/ros/pepper_interface/srv/ExecuteJS.l)
Linked: (/home/alfonso/Desktop/pepper_shopping_assistant/ROS/devel/.private/pepper_interface/share/roseus/ros/pepper_interface/srv/WakeUp.l, /home/alfonso/Desktop/pepper_shopping_assistant/ROS/devel/share/roseus/ros/pepper_interface/srv/WakeUp.l)
Linked: (/home/alfonso/Desktop/pepper_shopping_assistant/ROS/devel/.private/pepper_interface/share/roseus/ros/pepper_interface/srv/PepperRequest.l, /home/alfonso/Desktop/pepper_shopping_assistant/ROS/devel/share/roseus/ros/pepper_interface/srv/PepperRequest.l)
Linked: (/home/alfonso/Desktop/pepper_shopping_assistant/ROS/devel/.private/pepper_interface/share/roseus/ros/pepper_interface/srv/Talk.l, /home/alfonso/Desktop/pepper_shopping_assistant/ROS/devel/share/roseus/ros/pepper_interface/srv/Talk.l)
Linked: (/home/alfonso/Desktop/pepper_shopping_assistant/ROS/devel/.private/pepper_interface/share/gennodejs/ros/pepper_interface/_index.js, /home/alfonso/Desktop/pepper_shopping_assistant/ROS/devel/share/gennodejs/ros/pepper_interface/_index.js)
Linked: (/home/alfonso/Desktop/pepper_shopping_assistant/ROS/devel/.private/pepper_interface/share/gennodejs/ros/pepper_interface/srv/_index.js, /home/alfonso/Desktop/pepper_shopping_assistant/ROS/devel/share/gennodejs/ros/pepper_interface/srv/_index.js)
Linked: (/home/alfonso/Desktop/pepper_shopping_assistant/ROS/devel/.private/pepper_interface/share/gennodejs/ros/pepper_interface/srv/LoadURL.js, /home/alfonso/Desktop/pepper_shopping_assistant/ROS/devel/share/gennodejs/ros/pepper_interface/srv/LoadURL.js)
Linked: (/home/alfonso/Desktop/pepper_shopping_assistant/ROS/devel/.private/pepper_interface/share/gennodejs/ros/pepper_interface/srv/ExecuteJS.js, /home/alfonso/Desktop/pepper_shopping_assistant/ROS/devel/share/gennodejs/ros/pepper_interface/srv/ExecuteJS.js)
Linked: (/home/alfonso/Desktop/pepper_shopping_assistant/ROS/devel/.private/pepper_interface/share/gennodejs/ros/pepper_interface/srv/WakeUp.js, /home/alfonso/Desktop/pepper_shopping_assistant/ROS/devel/share/gennodejs/ros/pepper_interface/srv/WakeUp.js)
Linked: (/home/alfonso/Desktop/pepper_shopping_assistant/ROS/devel/.private/pepper_interface/share/gennodejs/ros/pepper_interface/srv/PepperRequest.js, /home/alfonso/Desktop/pepper_shopping_assistant/ROS/devel/share/gennodejs/ros/pepper_interface/srv/PepperRequest.js)
Linked: (/home/alfonso/Desktop/pepper_shopping_assistant/ROS/devel/.private/pepper_interface/share/gennodejs/ros/pepper_interface/srv/Rest.js, /home/alfonso/Desktop/pepper_shopping_assistant/ROS/devel/share/gennodejs/ros/pepper_interface/srv/Rest.js)
Linked: (/home/alfonso/Desktop/pepper_shopping_assistant/ROS/devel/.private/pepper_interface/share/gennodejs/ros/pepper_interface/srv/Talk.js, /home/alfonso/Desktop/pepper_shopping_assistant/ROS/devel/share/gennodejs/ros/pepper_interface/srv/Talk.js)
Linked: (/home/alfonso/Desktop/pepper_shopping_assistant/ROS/devel/.private/pepper_interface/share/pepper_interface/cmake/pepper_interface-msg-paths.cmake, /home/alfonso/Desktop/pepper_shopping_assistant/ROS/devel/share/pepper_interface/cmake/pepper_interface-msg-paths.cmake)
Linked: (/home/alfonso/Desktop/pepper_shopping_assistant/ROS/devel/.private/pepper_interface/share/pepper_interface/cmake/pepper_interface-msg-extras.cmake, /home/alfonso/Desktop/pepper_shopping_assistant/ROS/devel/share/pepper_interface/cmake/pepper_interface-msg-extras.cmake)
Linked: (/home/alfonso/Desktop/pepper_shopping_assistant/ROS/devel/.private/pepper_interface/share/pepper_interface/cmake/pepper_interfaceConfig.cmake, /home/alfonso/Desktop/pepper_shopping_assistant/ROS/devel/share/pepper_interface/cmake/pepper_interfaceConfig.cmake)
Linked: (/home/alfonso/Desktop/pepper_shopping_assistant/ROS/devel/.private/pepper_interface/share/pepper_interface/cmake/pepper_interfaceConfig-version.cmake, /home/alfonso/Desktop/pepper_shopping_assistant/ROS/devel/share/pepper_interface/cmake/pepper_interfaceConfig-version.cmake)
Linked: (/home/alfonso/Desktop/pepper_shopping_assistant/ROS/devel/.private/pepper_interface/include/pepper_interface/ExecuteJS.h, /home/alfonso/Desktop/pepper_shopping_assistant/ROS/devel/include/pepper_interface/ExecuteJS.h)
Linked: (/home/alfonso/Desktop/pepper_shopping_assistant/ROS/devel/.private/pepper_interface/include/pepper_interface/TalkResponse.h, /home/alfonso/Desktop/pepper_shopping_assistant/ROS/devel/include/pepper_interface/TalkResponse.h)
Linked: (/home/alfonso/Desktop/pepper_shopping_assistant/ROS/devel/.private/pepper_interface/include/pepper_interface/Rest.h, /home/alfonso/Desktop/pepper_shopping_assistant/ROS/devel/include/pepper_interface/Rest.h)
Linked: (/home/alfonso/Desktop/pepper_shopping_assistant/ROS/devel/.private/pepper_interface/include/pepper_interface/LoadURLResponse.h, /home/alfonso/Desktop/pepper_shopping_assistant/ROS/devel/include/pepper_interface/LoadURLResponse.h)
Linked: (/home/alfonso/Desktop/pepper_shopping_assistant/ROS/devel/.private/pepper_interface/include/pepper_interface/RestRequest.h, /home/alfonso/Desktop/pepper_shopping_assistant/ROS/devel/include/pepper_interface/RestRequest.h)
Linked: (/home/alfonso/Desktop/pepper_shopping_assistant/ROS/devel/.private/pepper_interface/include/pepper_interface/ExecuteJSRequest.h, /home/alfonso/Desktop/pepper_shopping_assistant/ROS/devel/include/pepper_interface/ExecuteJSRequest.h)
Linked: (/home/alfonso/Desktop/pepper_shopping_assistant/ROS/devel/.private/pepper_interface/include/pepper_interface/WakeUpRequest.h, /home/alfonso/Desktop/pepper_shopping_assistant/ROS/devel/include/pepper_interface/WakeUpRequest.h)
Linked: (/home/alfonso/Desktop/pepper_shopping_assistant/ROS/devel/.private/pepper_interface/include/pepper_interface/Talk.h, /home/alfonso/Desktop/pepper_shopping_assistant/ROS/devel/include/pepper_interface/Talk.h)
Linked: (/home/alfonso/Desktop/pepper_shopping_assistant/ROS/devel/.private/pepper_interface/include/pepper_interface/PepperRequestResponse.h, /home/alfonso/Desktop/pepper_shopping_assistant/ROS/devel/include/pepper_interface/PepperRequestResponse.h)
Linked: (/home/alfonso/Desktop/pepper_shopping_assistant/ROS/devel/.private/pepper_interface/include/pepper_interface/TalkRequest.h, /home/alfonso/Desktop/pepper_shopping_assistant/ROS/devel/include/pepper_interface/TalkRequest.h)
Linked: (/home/alfonso/Desktop/pepper_shopping_assistant/ROS/devel/.private/pepper_interface/include/pepper_interface/LoadURL.h, /home/alfonso/Desktop/pepper_shopping_assistant/ROS/devel/include/pepper_interface/LoadURL.h)
Linked: (/home/alfonso/Desktop/pepper_shopping_assistant/ROS/devel/.private/pepper_interface/include/pepper_interface/WakeUpResponse.h, /home/alfonso/Desktop/pepper_shopping_assistant/ROS/devel/include/pepper_interface/WakeUpResponse.h)
Linked: (/home/alfonso/Desktop/pepper_shopping_assistant/ROS/devel/.private/pepper_interface/include/pepper_interface/RestResponse.h, /home/alfonso/Desktop/pepper_shopping_assistant/ROS/devel/include/pepper_interface/RestResponse.h)
Linked: (/home/alfonso/Desktop/pepper_shopping_assistant/ROS/devel/.private/pepper_interface/include/pepper_interface/PepperRequest.h, /home/alfonso/Desktop/pepper_shopping_assistant/ROS/devel/include/pepper_interface/PepperRequest.h)
Linked: (/home/alfonso/Desktop/pepper_shopping_assistant/ROS/devel/.private/pepper_interface/include/pepper_interface/LoadURLRequest.h, /home/alfonso/Desktop/pepper_shopping_assistant/ROS/devel/include/pepper_interface/LoadURLRequest.h)
Linked: (/home/alfonso/Desktop/pepper_shopping_assistant/ROS/devel/.private/pepper_interface/include/pepper_interface/WakeUp.h, /home/alfonso/Desktop/pepper_shopping_assistant/ROS/devel/include/pepper_interface/WakeUp.h)
Linked: (/home/alfonso/Desktop/pepper_shopping_assistant/ROS/devel/.private/pepper_interface/include/pepper_interface/ExecuteJSResponse.h, /home/alfonso/Desktop/pepper_shopping_assistant/ROS/devel/include/pepper_interface/ExecuteJSResponse.h)
Linked: (/home/alfonso/Desktop/pepper_shopping_assistant/ROS/devel/.private/pepper_interface/include/pepper_interface/PepperRequestRequest.h, /home/alfonso/Desktop/pepper_shopping_assistant/ROS/devel/include/pepper_interface/PepperRequestRequest.h)
Linked: (/home/alfonso/Desktop/pepper_shopping_assistant/ROS/devel/.private/pepper_interface/lib/pkgconfig/pepper_interface.pc, /home/alfonso/Desktop/pepper_shopping_assistant/ROS/devel/lib/pkgconfig/pepper_interface.pc)
Linked: (/home/alfonso/Desktop/pepper_shopping_assistant/ROS/devel/.private/pepper_interface/lib/python2.7/dist-packages/pepper_interface/__init__.py, /home/alfonso/Desktop/pepper_shopping_assistant/ROS/devel/lib/python2.7/dist-packages/pepper_interface/__init__.py)
Linked: (/home/alfonso/Desktop/pepper_shopping_assistant/ROS/devel/.private/pepper_interface/lib/python2.7/dist-packages/pepper_interface/srv/_Talk.py, /home/alfonso/Desktop/pepper_shopping_assistant/ROS/devel/lib/python2.7/dist-packages/pepper_interface/srv/_Talk.py)
Linked: (/home/alfonso/Desktop/pepper_shopping_assistant/ROS/devel/.private/pepper_interface/lib/python2.7/dist-packages/pepper_interface/srv/_WakeUp.py, /home/alfonso/Desktop/pepper_shopping_assistant/ROS/devel/lib/python2.7/dist-packages/pepper_interface/srv/_WakeUp.py)
Linked: (/home/alfonso/Desktop/pepper_shopping_assistant/ROS/devel/.private/pepper_interface/lib/python2.7/dist-packages/pepper_interface/srv/_LoadURL.py, /home/alfonso/Desktop/pepper_shopping_assistant/ROS/devel/lib/python2.7/dist-packages/pepper_interface/srv/_LoadURL.py)
Linked: (/home/alfonso/Desktop/pepper_shopping_assistant/ROS/devel/.private/pepper_interface/lib/python2.7/dist-packages/pepper_interface/srv/_Rest.py, /home/alfonso/Desktop/pepper_shopping_assistant/ROS/devel/lib/python2.7/dist-packages/pepper_interface/srv/_Rest.py)
Linked: (/home/alfonso/Desktop/pepper_shopping_assistant/ROS/devel/.private/pepper_interface/lib/python2.7/dist-packages/pepper_interface/srv/_PepperRequest.py, /home/alfonso/Desktop/pepper_shopping_assistant/ROS/devel/lib/python2.7/dist-packages/pepper_interface/srv/_PepperRequest.py)
Linked: (/home/alfonso/Desktop/pepper_shopping_assistant/ROS/devel/.private/pepper_interface/lib/python2.7/dist-packages/pepper_interface/srv/_ExecuteJS.py, /home/alfonso/Desktop/pepper_shopping_assistant/ROS/devel/lib/python2.7/dist-packages/pepper_interface/srv/_ExecuteJS.py)
Linked: (/home/alfonso/Desktop/pepper_shopping_assistant/ROS/devel/.private/pepper_interface/lib/python2.7/dist-packages/pepper_interface/srv/__init__.py, /home/alfonso/Desktop/pepper_shopping_assistant/ROS/devel/lib/python2.7/dist-packages/pepper_interface/srv/__init__.py)
