[35m[1mScanning dependencies of target _pepper_interface_generate_messages_check_deps_LoadURL[0m
[35m[1mScanning dependencies of target _pepper_interface_generate_messages_check_deps_Rest[0m
[  0%] Built target _pepper_interface_generate_messages_check_deps_Rest
[  0%] Built target _pepper_interface_generate_messages_check_deps_LoadURL
[35m[1mScanning dependencies of target _pepper_interface_generate_messages_check_deps_WakeUp[0m
[35m[1mScanning dependencies of target std_msgs_generate_messages_nodejs[0m
[  0%] Built target std_msgs_generate_messages_nodejs
[35m[1mScanning dependencies of target _pepper_interface_generate_messages_check_deps_ExecuteJS[0m
[  0%] Built target _pepper_interface_generate_messages_check_deps_WakeUp
[35m[1mScanning dependencies of target _pepper_interface_generate_messages_check_deps_Talk[0m
[  0%] Built target _pepper_interface_generate_messages_check_deps_ExecuteJS
[35m[1mScanning dependencies of target std_msgs_generate_messages_py[0m
[  0%] Built target std_msgs_generate_messages_py
[  0%] Built target _pepper_interface_generate_messages_check_deps_Talk
[35m[1mScanning dependencies of target std_msgs_generate_messages_eus[0m
[35m[1mScanning dependencies of target std_msgs_generate_messages_cpp[0m
[  0%] Built target std_msgs_generate_messages_eus
[  0%] Built target std_msgs_generate_messages_cpp
[35m[1mScanning dependencies of target pepper_interface_generate_messages_nodejs[0m
[35m[1mScanning dependencies of target std_msgs_generate_messages_lisp[0m
[  3%] Built target std_msgs_generate_messages_lisp
[  3%] [34m[1mGenerating Javascript code from pepper_interface/ExecuteJS.srv[0m
[  7%] [34m[1mGenerating Javascript code from pepper_interface/LoadURL.srv[0m
[ 11%] [34m[1mGenerating Javascript code from pepper_interface/Talk.srv[0m
[ 14%] [34m[1mGenerating Javascript code from pepper_interface/WakeUp.srv[0m
[ 18%] [34m[1mGenerating Javascript code from pepper_interface/Rest.srv[0m
[35m[1mScanning dependencies of target pepper_interface_generate_messages_py[0m
[ 22%] [34m[1mGenerating Python code from SRV pepper_interface/ExecuteJS[0m
[ 22%] Built target pepper_interface_generate_messages_nodejs
[35m[1mScanning dependencies of target pepper_interface_generate_messages_eus[0m
[ 25%] [34m[1mGenerating EusLisp code from pepper_interface/ExecuteJS.srv[0m
[ 29%] [34m[1mGenerating EusLisp code from pepper_interface/LoadURL.srv[0m
[ 33%] [34m[1mGenerating EusLisp code from pepper_interface/Talk.srv[0m
[ 37%] [34m[1mGenerating EusLisp code from pepper_interface/WakeUp.srv[0m
[ 40%] [34m[1mGenerating EusLisp code from pepper_interface/Rest.srv[0m
[ 44%] [34m[1mGenerating EusLisp manifest code for pepper_interface[0m
[ 48%] [34m[1mGenerating Python code from SRV pepper_interface/LoadURL[0m
[ 51%] [34m[1mGenerating Python code from SRV pepper_interface/Talk[0m
[ 55%] [34m[1mGenerating Python code from SRV pepper_interface/WakeUp[0m
[ 59%] [34m[1mGenerating Python code from SRV pepper_interface/Rest[0m
[ 62%] [34m[1mGenerating Python srv __init__.py for pepper_interface[0m
[ 62%] Built target pepper_interface_generate_messages_py
[35m[1mScanning dependencies of target pepper_interface_generate_messages_cpp[0m
[ 62%] Built target pepper_interface_generate_messages_eus
[ 66%] [34m[1mGenerating C++ code from pepper_interface/ExecuteJS.srv[0m
[35m[1mScanning dependencies of target pepper_interface_generate_messages_lisp[0m
[ 70%] [34m[1mGenerating Lisp code from pepper_interface/ExecuteJS.srv[0m
[ 74%] [34m[1mGenerating Lisp code from pepper_interface/LoadURL.srv[0m
[ 77%] [34m[1mGenerating Lisp code from pepper_interface/Talk.srv[0m
[ 81%] [34m[1mGenerating Lisp code from pepper_interface/WakeUp.srv[0m
[ 85%] [34m[1mGenerating Lisp code from pepper_interface/Rest.srv[0m
[ 85%] Built target pepper_interface_generate_messages_lisp
[ 88%] [34m[1mGenerating C++ code from pepper_interface/LoadURL.srv[0m
[ 92%] [34m[1mGenerating C++ code from pepper_interface/Talk.srv[0m
[ 96%] [34m[1mGenerating C++ code from pepper_interface/WakeUp.srv[0m
[100%] [34m[1mGenerating C++ code from pepper_interface/Rest.srv[0m
[100%] Built target pepper_interface_generate_messages_cpp
[35m[1mScanning dependencies of target pepper_interface_generate_messages[0m
[100%] Built target pepper_interface_generate_messages
