Symlinking /home/alfonso/Desktop/pepper_shopping_assistant/ROS/devel/share/common-lisp/ros/pepper_interface/srv/ExecuteJS.lisp
Symlinking /home/alfonso/Desktop/pepper_shopping_assistant/ROS/devel/share/common-lisp/ros/pepper_interface/srv/_package_WakeUp.lisp
Symlinking /home/alfonso/Desktop/pepper_shopping_assistant/ROS/devel/share/common-lisp/ros/pepper_interface/srv/LoadURL.lisp
Symlinking /home/alfonso/Desktop/pepper_shopping_assistant/ROS/devel/share/common-lisp/ros/pepper_interface/srv/_package_ExecuteJS.lisp
Symlinking /home/alfonso/Desktop/pepper_shopping_assistant/ROS/devel/share/common-lisp/ros/pepper_interface/srv/_package_Rest.lisp
Symlinking /home/alfonso/Desktop/pepper_shopping_assistant/ROS/devel/share/common-lisp/ros/pepper_interface/srv/Talk.lisp
Symlinking /home/alfonso/Desktop/pepper_shopping_assistant/ROS/devel/share/common-lisp/ros/pepper_interface/srv/Rest.lisp
Symlinking /home/alfonso/Desktop/pepper_shopping_assistant/ROS/devel/share/common-lisp/ros/pepper_interface/srv/_package.lisp
Symlinking /home/alfonso/Desktop/pepper_shopping_assistant/ROS/devel/share/common-lisp/ros/pepper_interface/srv/pepper_interface-srv.asd
Symlinking /home/alfonso/Desktop/pepper_shopping_assistant/ROS/devel/share/common-lisp/ros/pepper_interface/srv/WakeUp.lisp
Symlinking /home/alfonso/Desktop/pepper_shopping_assistant/ROS/devel/share/common-lisp/ros/pepper_interface/srv/_package_LoadURL.lisp
Symlinking /home/alfonso/Desktop/pepper_shopping_assistant/ROS/devel/share/common-lisp/ros/pepper_interface/srv/_package_Talk.lisp
Symlinking /home/alfonso/Desktop/pepper_shopping_assistant/ROS/devel/share/roseus/ros/pepper_interface/manifest.l
Symlinking /home/alfonso/Desktop/pepper_shopping_assistant/ROS/devel/share/roseus/ros/pepper_interface/srv/LoadURL.l
Symlinking /home/alfonso/Desktop/pepper_shopping_assistant/ROS/devel/share/roseus/ros/pepper_interface/srv/Rest.l
Symlinking /home/alfonso/Desktop/pepper_shopping_assistant/ROS/devel/share/roseus/ros/pepper_interface/srv/ExecuteJS.l
Symlinking /home/alfonso/Desktop/pepper_shopping_assistant/ROS/devel/share/roseus/ros/pepper_interface/srv/WakeUp.l
Symlinking /home/alfonso/Desktop/pepper_shopping_assistant/ROS/devel/share/roseus/ros/pepper_interface/srv/Talk.l
Symlinking /home/alfonso/Desktop/pepper_shopping_assistant/ROS/devel/share/gennodejs/ros/pepper_interface/_index.js
Symlinking /home/alfonso/Desktop/pepper_shopping_assistant/ROS/devel/share/gennodejs/ros/pepper_interface/srv/_index.js
Symlinking /home/alfonso/Desktop/pepper_shopping_assistant/ROS/devel/share/gennodejs/ros/pepper_interface/srv/LoadURL.js
Symlinking /home/alfonso/Desktop/pepper_shopping_assistant/ROS/devel/share/gennodejs/ros/pepper_interface/srv/ExecuteJS.js
Symlinking /home/alfonso/Desktop/pepper_shopping_assistant/ROS/devel/share/gennodejs/ros/pepper_interface/srv/WakeUp.js
Symlinking /home/alfonso/Desktop/pepper_shopping_assistant/ROS/devel/share/gennodejs/ros/pepper_interface/srv/Rest.js
Symlinking /home/alfonso/Desktop/pepper_shopping_assistant/ROS/devel/share/gennodejs/ros/pepper_interface/srv/Talk.js
Symlinking /home/alfonso/Desktop/pepper_shopping_assistant/ROS/devel/share/pepper_interface/cmake/pepper_interface-msg-paths.cmake
Symlinking /home/alfonso/Desktop/pepper_shopping_assistant/ROS/devel/share/pepper_interface/cmake/pepper_interface-msg-extras.cmake
Symlinking /home/alfonso/Desktop/pepper_shopping_assistant/ROS/devel/share/pepper_interface/cmake/pepper_interfaceConfig.cmake
Symlinking /home/alfonso/Desktop/pepper_shopping_assistant/ROS/devel/share/pepper_interface/cmake/pepper_interfaceConfig-version.cmake
Symlinking /home/alfonso/Desktop/pepper_shopping_assistant/ROS/devel/include/pepper_interface/ExecuteJS.h
Symlinking /home/alfonso/Desktop/pepper_shopping_assistant/ROS/devel/include/pepper_interface/TalkResponse.h
Symlinking /home/alfonso/Desktop/pepper_shopping_assistant/ROS/devel/include/pepper_interface/Rest.h
Symlinking /home/alfonso/Desktop/pepper_shopping_assistant/ROS/devel/include/pepper_interface/LoadURLResponse.h
Symlinking /home/alfonso/Desktop/pepper_shopping_assistant/ROS/devel/include/pepper_interface/RestRequest.h
Symlinking /home/alfonso/Desktop/pepper_shopping_assistant/ROS/devel/include/pepper_interface/ExecuteJSRequest.h
Symlinking /home/alfonso/Desktop/pepper_shopping_assistant/ROS/devel/include/pepper_interface/WakeUpRequest.h
Symlinking /home/alfonso/Desktop/pepper_shopping_assistant/ROS/devel/include/pepper_interface/Talk.h
Symlinking /home/alfonso/Desktop/pepper_shopping_assistant/ROS/devel/include/pepper_interface/TalkRequest.h
Symlinking /home/alfonso/Desktop/pepper_shopping_assistant/ROS/devel/include/pepper_interface/LoadURL.h
Symlinking /home/alfonso/Desktop/pepper_shopping_assistant/ROS/devel/include/pepper_interface/WakeUpResponse.h
Symlinking /home/alfonso/Desktop/pepper_shopping_assistant/ROS/devel/include/pepper_interface/RestResponse.h
Symlinking /home/alfonso/Desktop/pepper_shopping_assistant/ROS/devel/include/pepper_interface/LoadURLRequest.h
Symlinking /home/alfonso/Desktop/pepper_shopping_assistant/ROS/devel/include/pepper_interface/WakeUp.h
Symlinking /home/alfonso/Desktop/pepper_shopping_assistant/ROS/devel/include/pepper_interface/ExecuteJSResponse.h
Symlinking /home/alfonso/Desktop/pepper_shopping_assistant/ROS/devel/lib/pkgconfig/pepper_interface.pc
Symlinking /home/alfonso/Desktop/pepper_shopping_assistant/ROS/devel/lib/python2.7/dist-packages/pepper_interface/__init__.py
Symlinking /home/alfonso/Desktop/pepper_shopping_assistant/ROS/devel/lib/python2.7/dist-packages/pepper_interface/srv/_Talk.py
Symlinking /home/alfonso/Desktop/pepper_shopping_assistant/ROS/devel/lib/python2.7/dist-packages/pepper_interface/srv/_WakeUp.py
Symlinking /home/alfonso/Desktop/pepper_shopping_assistant/ROS/devel/lib/python2.7/dist-packages/pepper_interface/srv/_LoadURL.py
Symlinking /home/alfonso/Desktop/pepper_shopping_assistant/ROS/devel/lib/python2.7/dist-packages/pepper_interface/srv/_Rest.py
Symlinking /home/alfonso/Desktop/pepper_shopping_assistant/ROS/devel/lib/python2.7/dist-packages/pepper_interface/srv/_ExecuteJS.py
Symlinking /home/alfonso/Desktop/pepper_shopping_assistant/ROS/devel/lib/python2.7/dist-packages/pepper_interface/srv/__init__.py
