[35m[1mScanning dependencies of target _pepper_interface_generate_messages_check_deps_PepperRequest[0m
[  0%] Built target _pepper_interface_generate_messages_check_deps_PepperRequest
[35m[1mScanning dependencies of target _pepper_interface_generate_messages_check_deps_LoadURL[0m
[  0%] Built target _pepper_interface_generate_messages_check_deps_LoadURL
[35m[1mScanning dependencies of target std_msgs_generate_messages_cpp[0m
[  0%] Built target std_msgs_generate_messages_cpp
[35m[1mScanning dependencies of target _pepper_interface_generate_messages_check_deps_WakeUp[0m
[  0%] Built target _pepper_interface_generate_messages_check_deps_WakeUp
[35m[1mScanning dependencies of target _pepper_interface_generate_messages_check_deps_ExecuteJS[0m
[  0%] Built target _pepper_interface_generate_messages_check_deps_ExecuteJS
[35m[1mScanning dependencies of target _pepper_interface_generate_messages_check_deps_Talk[0m
[  0%] Built target _pepper_interface_generate_messages_check_deps_Talk
[35m[1mScanning dependencies of target _pepper_interface_generate_messages_check_deps_Rest[0m
[  0%] Built target _pepper_interface_generate_messages_check_deps_Rest
[35m[1mScanning dependencies of target std_msgs_generate_messages_py[0m
[  0%] Built target std_msgs_generate_messages_py
[35m[1mScanning dependencies of target std_msgs_generate_messages_eus[0m
[  0%] Built target std_msgs_generate_messages_eus
[35m[1mScanning dependencies of target std_msgs_generate_messages_lisp[0m
[  0%] Built target std_msgs_generate_messages_lisp
[35m[1mScanning dependencies of target std_msgs_generate_messages_nodejs[0m
[  0%] Built target std_msgs_generate_messages_nodejs
[35m[1mScanning dependencies of target pepper_interface_generate_messages_cpp[0m
[  3%] [34m[1mGenerating C++ code from pepper_interface/ExecuteJS.srv[0m
[  6%] [34m[1mGenerating C++ code from pepper_interface/LoadURL.srv[0m
[  9%] [34m[1mGenerating C++ code from pepper_interface/WakeUp.srv[0m
[ 12%] [34m[1mGenerating C++ code from pepper_interface/Talk.srv[0m
[ 15%] [34m[1mGenerating C++ code from pepper_interface/Rest.srv[0m
[ 18%] [34m[1mGenerating C++ code from pepper_interface/PepperRequest.srv[0m
[ 18%] Built target pepper_interface_generate_messages_cpp
[35m[1mScanning dependencies of target pepper_interface_generate_messages_py[0m
[ 21%] [34m[1mGenerating Python code from SRV pepper_interface/ExecuteJS[0m
[ 25%] [34m[1mGenerating Python code from SRV pepper_interface/LoadURL[0m
[ 28%] [34m[1mGenerating Python code from SRV pepper_interface/WakeUp[0m
[ 31%] [34m[1mGenerating Python code from SRV pepper_interface/Talk[0m
[ 34%] [34m[1mGenerating Python code from SRV pepper_interface/Rest[0m
[ 37%] [34m[1mGenerating Python code from SRV pepper_interface/PepperRequest[0m
[ 40%] [34m[1mGenerating Python srv __init__.py for pepper_interface[0m
[ 40%] Built target pepper_interface_generate_messages_py
[35m[1mScanning dependencies of target pepper_interface_generate_messages_eus[0m
[ 43%] [34m[1mGenerating EusLisp code from pepper_interface/ExecuteJS.srv[0m
[ 46%] [34m[1mGenerating EusLisp code from pepper_interface/LoadURL.srv[0m
[ 50%] [34m[1mGenerating EusLisp code from pepper_interface/WakeUp.srv[0m
[ 53%] [34m[1mGenerating EusLisp code from pepper_interface/Talk.srv[0m
[ 56%] [34m[1mGenerating EusLisp code from pepper_interface/Rest.srv[0m
[ 59%] [34m[1mGenerating EusLisp code from pepper_interface/PepperRequest.srv[0m
[ 62%] [34m[1mGenerating EusLisp manifest code for pepper_interface[0m
[ 62%] Built target pepper_interface_generate_messages_eus
[35m[1mScanning dependencies of target pepper_interface_generate_messages_lisp[0m
[ 65%] [34m[1mGenerating Lisp code from pepper_interface/ExecuteJS.srv[0m
[ 68%] [34m[1mGenerating Lisp code from pepper_interface/LoadURL.srv[0m
[ 71%] [34m[1mGenerating Lisp code from pepper_interface/WakeUp.srv[0m
[ 75%] [34m[1mGenerating Lisp code from pepper_interface/Talk.srv[0m
[ 78%] [34m[1mGenerating Lisp code from pepper_interface/Rest.srv[0m
[ 81%] [34m[1mGenerating Lisp code from pepper_interface/PepperRequest.srv[0m
[ 81%] Built target pepper_interface_generate_messages_lisp
[35m[1mScanning dependencies of target pepper_interface_generate_messages_nodejs[0m
[ 84%] [34m[1mGenerating Javascript code from pepper_interface/ExecuteJS.srv[0m
[ 87%] [34m[1mGenerating Javascript code from pepper_interface/LoadURL.srv[0m
[ 90%] [34m[1mGenerating Javascript code from pepper_interface/WakeUp.srv[0m
[ 93%] [34m[1mGenerating Javascript code from pepper_interface/Talk.srv[0m
[ 96%] [34m[1mGenerating Javascript code from pepper_interface/Rest.srv[0m
[100%] [34m[1mGenerating Javascript code from pepper_interface/PepperRequest.srv[0m
[100%] Built target pepper_interface_generate_messages_nodejs
[35m[1mScanning dependencies of target pepper_interface_generate_messages[0m
[100%] Built target pepper_interface_generate_messages
